{"/home/claude/notes-app/backend/src/config/db.js":{"path":"/home/claude/notes-app/backend/src/config/db.js","statementMap":{"0":{"start":{"line":1,"column":17},"end":{"line":1,"column":30}},"1":{"start":{"line":2,"column":12},"end":{"line":2,"column":28}},"2":{"start":{"line":3,"column":15},"end":{"line":3,"column":41}},"3":{"start":{"line":10,"column":13},"end":{"line":12,"column":2}},"4":{"start":{"line":14,"column":0},"end":{"line":16,"column":3}},"5":{"start":{"line":15,"column":2},"end":{"line":15,"column":70}},"6":{"start":{"line":18,"column":0},"end":{"line":18,"column":22}}},"fnMap":{"0":{"name":"(anonymous_0)","decl":{"start":{"line":14,"column":17},"end":{"line":14,"column":18}},"loc":{"start":{"line":14,"column":26},"end":{"line":16,"column":1}},"line":14}},"branchMap":{},"s":{"0":1,"1":1,"2":1,"3":1,"4":1,"5":0,"6":1},"f":{"0":0},"b":{},"_coverageSchema":"1a1c01bbd47fc00a2c39e90264f33305004495a9","hash":"ac0ff176ab6c85e9a689b77cf5892bf30e4107b0","contentHash":"61d76fe078dc7f1c6956486bc5e945200345530d1d8af89773e6e46ee3673365"},"/home/claude/notes-app/backend/src/config/env.js":{"path":"/home/claude/notes-app/backend/src/config/env.js","statementMap":{"0":{"start":{"line":1,"column":0},"end":{"line":1,"column":27}},"1":{"start":{"line":8,"column":12},"end":{"line":22,"column":1}},"2":{"start":{"line":20,"column":21},"end":{"line":20,"column":34}},"3":{"start":{"line":25,"column":2},"end":{"line":30,"column":3}},"4":{"start":{"line":29,"column":4},"end":{"line":29,"column":11}},"5":{"start":{"line":32,"column":18},"end":{"line":32,"column":73}},"6":{"start":{"line":32,"column":63},"end":{"line":32,"column":72}},"7":{"start":{"line":33,"column":2},"end":{"line":41,"column":3}},"8":{"start":{"line":34,"column":18},"end":{"line":34,"column":95}},"9":{"start":{"line":34,"column":40},"end":{"line":34,"column":93}},"10":{"start":{"line":36,"column":4},"end":{"line":39,"column":6}},"11":{"start":{"line":40,"column":4},"end":{"line":40,"column":20}},"12":{"start":{"line":43,"column":36},"end":{"line":43,"column":66}},"13":{"start":{"line":44,"column":32},"end":{"line":44,"column":34}},"14":{"start":{"line":46,"column":2},"end":{"line":53,"column":3}},"15":{"start":{"line":48,"column":4},"end":{"line":51,"column":6}},"16":{"start":{"line":52,"column":4},"end":{"line":52,"column":20}},"17":{"start":{"line":55,"column":2},"end":{"line":62,"column":3}},"18":{"start":{"line":57,"column":4},"end":{"line":60,"column":6}},"19":{"start":{"line":61,"column":4},"end":{"line":61,"column":20}},"20":{"start":{"line":71,"column":2},"end":{"line":82,"column":3}},"21":{"start":{"line":73,"column":4},"end":{"line":80,"column":6}},"22":{"start":{"line":81,"column":4},"end":{"line":81,"column":20}},"23":{"start":{"line":85,"column":0},"end":{"line":85,"column":20}},"24":{"start":{"line":87,"column":0},"end":{"line":87,"column":21}}},"fnMap":{"0":{"name":"(anonymous_0)","decl":{"start":{"line":20,"column":9},"end":{"line":20,"column":10}},"loc":{"start":{"line":20,"column":21},"end":{"line":20,"column":34}},"line":20},"1":{"name":"assertRequiredEnv","decl":{"start":{"line":24,"column":9},"end":{"line":24,"column":26}},"loc":{"start":{"line":24,"column":29},"end":{"line":83,"column":1}},"line":24},"2":{"name":"(anonymous_2)","decl":{"start":{"line":32,"column":54},"end":{"line":32,"column":55}},"loc":{"start":{"line":32,"column":63},"end":{"line":32,"column":72}},"line":32},"3":{"name":"(anonymous_3)","decl":{"start":{"line":34,"column":30},"end":{"line":34,"column":31}},"loc":{"start":{"line":34,"column":40},"end":{"line":34,"column":93}},"line":34}},"branchMap":{"0":{"loc":{"start":{"line":9,"column":11},"end":{"line":9,"column":48}},"type":"binary-expr","locations":[{"start":{"line":9,"column":11},"end":{"line":9,"column":31}},{"start":{"line":9,"column":35},"end":{"line":9,"column":48}}],"line":9},"1":{"loc":{"start":{"line":10,"column":8},"end":{"line":10,"column":46}},"type":"binary-expr","locations":[{"start":{"line":10,"column":8},"end":{"line":10,"column":38}},{"start":{"line":10,"column":42},"end":{"line":10,"column":46}}],"line":10},"2":{"loc":{"start":{"line":13,"column":16},"end":{"line":13,"column":50}},"type":"binary-expr","locations":[{"start":{"line":13,"column":16},"end":{"line":13,"column":42}},{"start":{"line":13,"column":46},"end":{"line":13,"column":50}}],"line":13},"3":{"loc":{"start":{"line":14,"column":12},"end":{"line":14,"column":43}},"type":"binary-expr","locations":[{"start":{"line":14,"column":12},"end":{"line":14,"column":33}},{"start":{"line":14,"column":37},"end":{"line":14,"column":43}}],"line":14},"4":{"loc":{"start":{"line":18,"column":16},"end":{"line":18,"column":67}},"type":"binary-expr","locations":[{"start":{"line":18,"column":16},"end":{"line":18,"column":40}},{"start":{"line":18,"column":44},"end":{"line":18,"column":67}}],"line":18},"5":{"loc":{"start":{"line":25,"column":2},"end":{"line":30,"column":3}},"type":"if","locations":[{"start":{"line":25,"column":2},"end":{"line":30,"column":3}},{"start":{},"end":{}}],"line":25},"6":{"loc":{"start":{"line":33,"column":2},"end":{"line":41,"column":3}},"type":"if","locations":[{"start":{"line":33,"column":2},"end":{"line":41,"column":3}},{"start":{},"end":{}}],"line":33},"7":{"loc":{"start":{"line":34,"column":40},"end":{"line":34,"column":93}},"type":"cond-expr","locations":[{"start":{"line":34,"column":64},"end":{"line":34,"column":78}},{"start":{"line":34,"column":81},"end":{"line":34,"column":93}}],"line":34},"8":{"loc":{"start":{"line":46,"column":2},"end":{"line":53,"column":3}},"type":"if","locations":[{"start":{"line":46,"column":2},"end":{"line":53,"column":3}},{"start":{},"end":{}}],"line":46},"9":{"loc":{"start":{"line":55,"column":2},"end":{"line":62,"column":3}},"type":"if","locations":[{"start":{"line":55,"column":2},"end":{"line":62,"column":3}},{"start":{},"end":{}}],"line":55},"10":{"loc":{"start":{"line":71,"column":2},"end":{"line":82,"column":3}},"type":"if","locations":[{"start":{"line":71,"column":2},"end":{"line":82,"column":3}},{"start":{},"end":{}}],"line":71},"11":{"loc":{"start":{"line":71,"column":6},"end":{"line":71,"column":94}},"type":"binary-expr","locations":[{"start":{"line":71,"column":6},"end":{"line":71,"column":34}},{"start":{"line":71,"column":38},"end":{"line":71,"column":94}}],"line":71}},"s":{"0":1,"1":1,"2":1,"3":1,"4":1,"5":0,"6":0,"7":0,"8":0,"9":0,"10":0,"11":0,"12":0,"13":0,"14":0,"15":0,"16":0,"17":0,"18":0,"19":0,"20":0,"21":0,"22":0,"23":1,"24":1},"f":{"0":1,"1":1,"2":0,"3":0},"b":{"0":[1,0],"1":[1,1],"2":[1,1],"3":[1,1],"4":[1,1],"5":[1,0],"6":[0,0],"7":[0,0],"8":[0,0],"9":[0,0],"10":[0,0],"11":[0,0]},"_coverageSchema":"1a1c01bbd47fc00a2c39e90264f33305004495a9","hash":"390dabf31f4445300463eb956d9f74e682e61b50","contentHash":"21151633b365e980cc18015aa7fdd6f3494bb51caaac65fb7c851c6501b50620"},"/home/claude/notes-app/backend/src/utils/logger.js":{"path":"/home/claude/notes-app/backend/src/utils/logger.js","statementMap":{"0":{"start":{"line":1,"column":13},"end":{"line":1,"column":28}},"1":{"start":{"line":2,"column":12},"end":{"line":2,"column":36}},"2":{"start":{"line":8,"column":15},"end":{"line":21,"column":2}},"3":{"start":{"line":23,"column":0},"end":{"line":23,"column":24}}},"fnMap":{},"branchMap":{"0":{"loc":{"start":{"line":9,"column":9},"end":{"line":9,"column":57}},"type":"cond-expr","locations":[{"start":{"line":9,"column":34},"end":{"line":9,"column":42}},{"start":{"line":9,"column":45},"end":{"line":9,"column":57}}],"line":9}},"s":{"0":1,"1":1,"2":1,"3":1},"f":{},"b":{"0":[1,0]},"_coverageSchema":"1a1c01bbd47fc00a2c39e90264f33305004495a9","hash":"2d2bec08e4167fea380a4e4fa03763d3e8271b32","contentHash":"e76f4b3324b8ae817b697fa44ac50ce547b5f871fea92a530a194dd0c250b537"},"/home/claude/notes-app/backend/src/app.js":{"path":"/home/claude/notes-app/backend/src/app.js","statementMap":{"0":{"start":{"line":1,"column":16},"end":{"line":1,"column":34}},"1":{"start":{"line":2,"column":13},"end":{"line":2,"column":28}},"2":{"start":{"line":3,"column":17},"end":{"line":3,"column":37}},"3":{"start":{"line":5,"column":15},"end":{"line":5,"column":40}},"4":{"start":{"line":6,"column":12},"end":{"line":6,"column":35}},"5":{"start":{"line":7,"column":18},"end":{"line":7,"column":51}},"6":{"start":{"line":8,"column":17},"end":{"line":8,"column":49}},"7":{"start":{"line":9,"column":21},"end":{"line":9,"column":57}},"8":{"start":{"line":10,"column":15},"end":{"line":10,"column":34}},"9":{"start":{"line":12,"column":12},"end":{"line":12,"column":21}},"10":{"start":{"line":15,"column":0},"end":{"line":15,"column":19}},"11":{"start":{"line":17,"column":0},"end":{"line":24,"column":2}},"12":{"start":{"line":20,"column":27},"end":{"line":20,"column":55}},"13":{"start":{"line":26,"column":0},"end":{"line":30,"column":2}},"14":{"start":{"line":31,"column":0},"end":{"line":31,"column":24}},"15":{"start":{"line":33,"column":0},"end":{"line":33,"column":24}},"16":{"start":{"line":37,"column":0},"end":{"line":37,"column":18}},"17":{"start":{"line":38,"column":0},"end":{"line":38,"column":22}},"18":{"start":{"line":40,"column":0},"end":{"line":40,"column":21}}},"fnMap":{"0":{"name":"(anonymous_0)","decl":{"start":{"line":20,"column":17},"end":{"line":20,"column":18}},"loc":{"start":{"line":20,"column":27},"end":{"line":20,"column":55}},"line":20}},"branchMap":{},"s":{"0":1,"1":1,"2":1,"3":1,"4":1,"5":1,"6":1,"7":1,"8":1,"9":1,"10":1,"11":1,"12":60,"13":1,"14":1,"15":1,"16":1,"17":1,"18":1},"f":{"0":60},"b":{},"_coverageSchema":"1a1c01bbd47fc00a2c39e90264f33305004495a9","hash":"f23a582f9cb1571d81435d93bf9be5a30ac203d5","contentHash":"1fca563e533a9df75ef1840e61cc7a914aff3826d17d42054085a2fc2f7f7d93"},"/home/claude/notes-app/backend/src/middleware/requestId.js":{"path":"/home/claude/notes-app/backend/src/middleware/requestId.js","statementMap":{"0":{"start":{"line":1,"column":23},"end":{"line":1,"column":40}},"1":{"start":{"line":9,"column":0},"end":{"line":13,"column":2}},"2":{"start":{"line":10,"column":2},"end":{"line":10,"column":62}},"3":{"start":{"line":11,"column":2},"end":{"line":11,"column":47}},"4":{"start":{"line":12,"column":2},"end":{"line":12,"column":9}}},"fnMap":{"0":{"name":"requestId","decl":{"start":{"line":9,"column":26},"end":{"line":9,"column":35}},"loc":{"start":{"line":9,"column":52},"end":{"line":13,"column":1}},"line":9}},"branchMap":{"0":{"loc":{"start":{"line":10,"column":18},"end":{"line":10,"column":61}},"type":"binary-expr","locations":[{"start":{"line":10,"column":18},"end":{"line":10,"column":45}},{"start":{"line":10,"column":49},"end":{"line":10,"column":61}}],"line":10}},"s":{"0":1,"1":1,"2":30,"3":30,"4":30},"f":{"0":30},"b":{"0":[30,29]},"_coverageSchema":"1a1c01bbd47fc00a2c39e90264f33305004495a9","hash":"0aed5f8295bf604676ae46b6e5458a7bf42abf8a","contentHash":"c2204d4447b5ec3defa77aa370134306b6cf27b95e8fa3b5b14d5109706d6825"},"/home/claude/notes-app/backend/src/middleware/notFound.js":{"path":"/home/claude/notes-app/backend/src/middleware/notFound.js","statementMap":{"0":{"start":{"line":1,"column":17},"end":{"line":1,"column":45}},"1":{"start":{"line":13,"column":0},"end":{"line":16,"column":2}},"2":{"start":{"line":14,"column":21},"end":{"line":14,"column":47}},"3":{"start":{"line":15,"column":2},"end":{"line":15,"column":72}}},"fnMap":{"0":{"name":"notFound","decl":{"start":{"line":13,"column":26},"end":{"line":13,"column":34}},"loc":{"start":{"line":13,"column":51},"end":{"line":16,"column":1}},"line":13}},"branchMap":{},"s":{"0":1,"1":1,"2":2,"3":2},"f":{"0":2},"b":{},"_coverageSchema":"1a1c01bbd47fc00a2c39e90264f33305004495a9","hash":"ea7dfb636d2b358a848c6ce351e9a4e0dfe541fc","contentHash":"dcbf48f3551c7605cf8b3e293144b1e329075004a3d47f64374a7bb53ee76e45"},"/home/claude/notes-app/backend/src/utils/AppError.js":{"path":"/home/claude/notes-app/backend/src/utils/AppError.js","statementMap":{"0":{"start":{"line":9,"column":4},"end":{"line":9,"column":19}},"1":{"start":{"line":10,"column":4},"end":{"line":10,"column":38}},"2":{"start":{"line":13,"column":6},"end":{"line":13,"column":76}},"3":{"start":{"line":15,"column":4},"end":{"line":25,"column":5}},"4":{"start":{"line":21,"column":6},"end":{"line":24,"column":8}},"5":{"start":{"line":27,"column":4},"end":{"line":27,"column":62}},"6":{"start":{"line":28,"column":4},"end":{"line":28,"column":27}},"7":{"start":{"line":29,"column":4},"end":{"line":29,"column":30}},"8":{"start":{"line":30,"column":4},"end":{"line":30,"column":52}},"9":{"start":{"line":34,"column":0},"end":{"line":34,"column":26}}},"fnMap":{"0":{"name":"(anonymous_0)","decl":{"start":{"line":8,"column":2},"end":{"line":8,"column":3}},"loc":{"start":{"line":8,"column":62},"end":{"line":31,"column":3}},"line":8}},"branchMap":{"0":{"loc":{"start":{"line":8,"column":23},"end":{"line":8,"column":39}},"type":"default-arg","locations":[{"start":{"line":8,"column":36},"end":{"line":8,"column":39}}],"line":8},"1":{"loc":{"start":{"line":8,"column":41},"end":{"line":8,"column":60}},"type":"default-arg","locations":[{"start":{"line":8,"column":51},"end":{"line":8,"column":60}}],"line":8},"2":{"loc":{"start":{"line":13,"column":6},"end":{"line":13,"column":76}},"type":"binary-expr","locations":[{"start":{"line":13,"column":6},"end":{"line":13,"column":34}},{"start":{"line":13,"column":38},"end":{"line":13,"column":55}},{"start":{"line":13,"column":59},"end":{"line":13,"column":76}}],"line":13},"3":{"loc":{"start":{"line":15,"column":4},"end":{"line":25,"column":5}},"type":"if","locations":[{"start":{"line":15,"column":4},"end":{"line":25,"column":5}},{"start":{},"end":{}}],"line":15},"4":{"loc":{"start":{"line":27,"column":22},"end":{"line":27,"column":61}},"type":"cond-expr","locations":[{"start":{"line":27,"column":45},"end":{"line":27,"column":55}},{"start":{"line":27,"column":58},"end":{"line":27,"column":61}}],"line":27}},"s":{"0":20,"1":20,"2":20,"3":20,"4":0,"5":20,"6":20,"7":20,"8":20,"9":1},"f":{"0":20},"b":{"0":[0],"1":[16],"2":[20,20,20],"3":[0,20],"4":[20,0]},"_coverageSchema":"1a1c01bbd47fc00a2c39e90264f33305004495a9","hash":"67ab245ced1393a7e541b5ec2563cf0b0674f35b","contentHash":"65f7c7ab903afb49f5e43789a15dacd5191919fbd37e0aa7478209b28cfc411d"},"/home/claude/notes-app/backend/src/middleware/errorHandler.js":{"path":"/home/claude/notes-app/backend/src/middleware/errorHandler.js","statementMap":{"0":{"start":{"line":1,"column":15},"end":{"line":1,"column":41}},"1":{"start":{"line":10,"column":0},"end":{"line":55,"column":2}},"2":{"start":{"line":11,"column":21},"end":{"line":11,"column":76}},"3":{"start":{"line":12,"column":24},"end":{"line":12,"column":41}},"4":{"start":{"line":13,"column":18},"end":{"line":13,"column":71}},"5":{"start":{"line":21,"column":24},"end":{"line":27,"column":3}},"6":{"start":{"line":29,"column":2},"end":{"line":38,"column":4}},"7":{"start":{"line":40,"column":19},"end":{"line":44,"column":3}},"8":{"start":{"line":50,"column":2},"end":{"line":52,"column":3}},"9":{"start":{"line":51,"column":4},"end":{"line":51,"column":35}},"10":{"start":{"line":54,"column":2},"end":{"line":54,"column":40}}},"fnMap":{"0":{"name":"errorHandler","decl":{"start":{"line":10,"column":26},"end":{"line":10,"column":38}},"loc":{"start":{"line":10,"column":60},"end":{"line":55,"column":1}},"line":10}},"branchMap":{"0":{"loc":{"start":{"line":11,"column":21},"end":{"line":11,"column":76}},"type":"cond-expr","locations":[{"start":{"line":11,"column":56},"end":{"line":11,"column":70}},{"start":{"line":11,"column":73},"end":{"line":11,"column":76}}],"line":11},"1":{"loc":{"start":{"line":13,"column":18},"end":{"line":13,"column":71}},"type":"cond-expr","locations":[{"start":{"line":13,"column":34},"end":{"line":13,"column":57}},{"start":{"line":13,"column":60},"end":{"line":13,"column":71}}],"line":13},"2":{"loc":{"start":{"line":50,"column":2},"end":{"line":52,"column":3}},"type":"if","locations":[{"start":{"line":50,"column":2},"end":{"line":52,"column":3}},{"start":{},"end":{}}],"line":50},"3":{"loc":{"start":{"line":50,"column":6},"end":{"line":50,"column":49}},"type":"binary-expr","locations":[{"start":{"line":50,"column":6},"end":{"line":50,"column":20}},{"start":{"line":50,"column":24},"end":{"line":50,"column":49}}],"line":50}},"s":{"0":1,"1":1,"2":20,"3":20,"4":20,"5":20,"6":20,"7":20,"8":20,"9":4,"10":20},"f":{"0":20},"b":{"0":[20,0],"1":[0,20],"2":[4,16],"3":[20,20]},"_coverageSchema":"1a1c01bbd47fc00a2c39e90264f33305004495a9","hash":"a7bf8f187d7954a01c77912669d4f08f7cf10cd7","contentHash":"2aeb32e64cb1ddf397d5a117320fa27564c826647c63ae4f52dc3a5e548b9b98"},"/home/claude/notes-app/backend/src/routes/index.js":{"path":"/home/claude/notes-app/backend/src/routes/index.js","statementMap":{"0":{"start":{"line":1,"column":16},"end":{"line":1,"column":34}},"1":{"start":{"line":2,"column":21},"end":{"line":2,"column":47}},"2":{"start":{"line":3,"column":19},"end":{"line":3,"column":43}},"3":{"start":{"line":4,"column":20},"end":{"line":4,"column":45}},"4":{"start":{"line":5,"column":21},"end":{"line":5,"column":58}},"5":{"start":{"line":7,"column":15},"end":{"line":7,"column":31}},"6":{"start":{"line":9,"column":0},"end":{"line":9,"column":25}},"7":{"start":{"line":10,"column":0},"end":{"line":10,"column":32}},"8":{"start":{"line":11,"column":0},"end":{"line":11,"column":48}},"9":{"start":{"line":13,"column":0},"end":{"line":13,"column":24}}},"fnMap":{},"branchMap":{},"s":{"0":1,"1":1,"2":1,"3":1,"4":1,"5":1,"6":1,"7":1,"8":1,"9":1},"f":{},"b":{},"_coverageSchema":"1a1c01bbd47fc00a2c39e90264f33305004495a9","hash":"c7433bd42fd57b8df5202365e27bf45f19f28dbc","contentHash":"5e071e80c2fa14085f590746a99e44ec76912dd0a08057651e1ea531a805e4a2"},"/home/claude/notes-app/backend/src/routes/health.routes.js":{"path":"/home/claude/notes-app/backend/src/routes/health.routes.js","statementMap":{"0":{"start":{"line":1,"column":16},"end":{"line":1,"column":34}},"1":{"start":{"line":3,"column":15},"end":{"line":3,"column":31}},"2":{"start":{"line":18,"column":0},"end":{"line":23,"column":3}},"3":{"start":{"line":19,"column":2},"end":{"line":22,"column":5}},"4":{"start":{"line":25,"column":0},"end":{"line":25,"column":24}}},"fnMap":{"0":{"name":"(anonymous_0)","decl":{"start":{"line":18,"column":22},"end":{"line":18,"column":23}},"loc":{"start":{"line":18,"column":36},"end":{"line":23,"column":1}},"line":18}},"branchMap":{},"s":{"0":1,"1":1,"2":1,"3":1,"4":1},"f":{"0":1},"b":{},"_coverageSchema":"1a1c01bbd47fc00a2c39e90264f33305004495a9","hash":"bd0c5df8f6e0cc191970e218ca8eb4b6c593d75d","contentHash":"348be79cb3f113eab3b05ecc2892c8964fbd6b18b1d1802b3d6d270449d35f34"},"/home/claude/notes-app/backend/src/routes/auth.routes.js":{"path":"/home/claude/notes-app/backend/src/routes/auth.routes.js","statementMap":{"0":{"start":{"line":1,"column":16},"end":{"line":1,"column":34}},"1":{"start":{"line":2,"column":23},"end":{"line":2,"column":64}},"2":{"start":{"line":3,"column":21},"end":{"line":3,"column":58}},"3":{"start":{"line":5,"column":15},"end":{"line":5,"column":31}},"4":{"start":{"line":8,"column":0},"end":{"line":8,"column":46}},"5":{"start":{"line":9,"column":0},"end":{"line":9,"column":44}},"6":{"start":{"line":13,"column":0},"end":{"line":13,"column":60}},"7":{"start":{"line":15,"column":0},"end":{"line":15,"column":24}}},"fnMap":{},"branchMap":{},"s":{"0":1,"1":1,"2":1,"3":1,"4":1,"5":1,"6":1,"7":1},"f":{},"b":{},"_coverageSchema":"1a1c01bbd47fc00a2c39e90264f33305004495a9","hash":"9d7959f57c225ac4cfb5c9b2314f6fc3599dca33","contentHash":"be465dd6f57e35ed511b4fb0ef8daf8d4962169cd106a7972babfe9c332a2bfc"},"/home/claude/notes-app/backend/src/controllers/auth.controller.js":{"path":"/home/claude/notes-app/backend/src/controllers/auth.controller.js","statementMap":{"0":{"start":{"line":1,"column":20},"end":{"line":1,"column":55}},"1":{"start":{"line":2,"column":42},"end":{"line":2,"column":82}},"2":{"start":{"line":3,"column":17},"end":{"line":3,"column":45}},"3":{"start":{"line":6,"column":2},"end":{"line":18,"column":3}},"4":{"start":{"line":7,"column":19},"end":{"line":7,"column":43}},"5":{"start":{"line":8,"column":4},"end":{"line":10,"column":5}},"6":{"start":{"line":9,"column":6},"end":{"line":9,"column":63}},"7":{"start":{"line":12,"column":38},"end":{"line":12,"column":46}},"8":{"start":{"line":13,"column":28},"end":{"line":13,"column":79}},"9":{"start":{"line":15,"column":4},"end":{"line":15,"column":71}},"10":{"start":{"line":17,"column":4},"end":{"line":17,"column":14}},"11":{"start":{"line":22,"column":2},"end":{"line":34,"column":3}},"12":{"start":{"line":23,"column":19},"end":{"line":23,"column":42}},"13":{"start":{"line":24,"column":4},"end":{"line":26,"column":5}},"14":{"start":{"line":25,"column":6},"end":{"line":25,"column":63}},"15":{"start":{"line":28,"column":32},"end":{"line":28,"column":40}},"16":{"start":{"line":29,"column":28},"end":{"line":29,"column":72}},"17":{"start":{"line":31,"column":4},"end":{"line":31,"column":71}},"18":{"start":{"line":33,"column":4},"end":{"line":33,"column":14}},"19":{"start":{"line":47,"column":2},"end":{"line":47,"column":79}},"20":{"start":{"line":50,"column":0},"end":{"line":50,"column":43}}},"fnMap":{"0":{"name":"signup","decl":{"start":{"line":5,"column":15},"end":{"line":5,"column":21}},"loc":{"start":{"line":5,"column":38},"end":{"line":19,"column":1}},"line":5},"1":{"name":"login","decl":{"start":{"line":21,"column":15},"end":{"line":21,"column":20}},"loc":{"start":{"line":21,"column":37},"end":{"line":35,"column":1}},"line":21},"2":{"name":"logout","decl":{"start":{"line":37,"column":9},"end":{"line":37,"column":15}},"loc":{"start":{"line":37,"column":26},"end":{"line":48,"column":1}},"line":37}},"branchMap":{"0":{"loc":{"start":{"line":8,"column":4},"end":{"line":10,"column":5}},"type":"if","locations":[{"start":{"line":8,"column":4},"end":{"line":10,"column":5}},{"start":{},"end":{}}],"line":8},"1":{"loc":{"start":{"line":24,"column":4},"end":{"line":26,"column":5}},"type":"if","locations":[{"start":{"line":24,"column":4},"end":{"line":26,"column":5}},{"start":{},"end":{}}],"line":24}},"s":{"0":1,"1":1,"2":1,"3":4,"4":4,"5":4,"6":1,"7":3,"8":3,"9":1,"10":3,"11":3,"12":3,"13":3,"14":0,"15":3,"16":3,"17":1,"18":2,"19":1,"20":1},"f":{"0":4,"1":3,"2":1},"b":{"0":[1,3],"1":[0,3]},"_coverageSchema":"1a1c01bbd47fc00a2c39e90264f33305004495a9","hash":"34cdbfe6ac0d1a108197d426d0d6ce7c0f7dffd7","contentHash":"5b88cf3f192cf0444326931a58248fa2e7843676f5ca66c1dcdf70ee0eb125de"},"/home/claude/notes-app/backend/src/services/auth.service.js":{"path":"/home/claude/notes-app/backend/src/services/auth.service.js","statementMap":{"0":{"start":{"line":1,"column":15},"end":{"line":1,"column":32}},"1":{"start":{"line":2,"column":12},"end":{"line":2,"column":35}},"2":{"start":{"line":3,"column":12},"end":{"line":3,"column":36}},"3":{"start":{"line":4,"column":17},"end":{"line":4,"column":45}},"4":{"start":{"line":5,"column":24},"end":{"line":5,"column":66}},"5":{"start":{"line":9,"column":20},"end":{"line":9,"column":51}},"6":{"start":{"line":12,"column":2},"end":{"line":14,"column":5}},"7":{"start":{"line":18,"column":19},"end":{"line":18,"column":59}},"8":{"start":{"line":19,"column":2},"end":{"line":21,"column":3}},"9":{"start":{"line":20,"column":4},"end":{"line":20,"column":73}},"10":{"start":{"line":23,"column":23},"end":{"line":23,"column":63}},"11":{"start":{"line":25,"column":2},"end":{"line":40,"column":3}},"12":{"start":{"line":26,"column":17},"end":{"line":26,"column":80}},"13":{"start":{"line":27,"column":18},"end":{"line":27,"column":34}},"14":{"start":{"line":28,"column":4},"end":{"line":28,"column":27}},"15":{"start":{"line":36,"column":4},"end":{"line":38,"column":5}},"16":{"start":{"line":37,"column":6},"end":{"line":37,"column":75}},"17":{"start":{"line":39,"column":4},"end":{"line":39,"column":14}},"18":{"start":{"line":44,"column":17},"end":{"line":44,"column":57}},"19":{"start":{"line":45,"column":2},"end":{"line":49,"column":3}},"20":{"start":{"line":48,"column":4},"end":{"line":48,"column":57}},"21":{"start":{"line":51,"column":26},"end":{"line":51,"column":78}},"22":{"start":{"line":52,"column":2},"end":{"line":54,"column":3}},"23":{"start":{"line":53,"column":4},"end":{"line":53,"column":57}},"24":{"start":{"line":56,"column":52},"end":{"line":56,"column":58}},"25":{"start":{"line":57,"column":16},"end":{"line":57,"column":32}},"26":{"start":{"line":59,"column":2},"end":{"line":59,"column":25}},"27":{"start":{"line":62,"column":0},"end":{"line":62,"column":35}}},"fnMap":{"0":{"name":"issueToken","decl":{"start":{"line":11,"column":9},"end":{"line":11,"column":19}},"loc":{"start":{"line":11,"column":26},"end":{"line":15,"column":1}},"line":11},"1":{"name":"signup","decl":{"start":{"line":17,"column":15},"end":{"line":17,"column":21}},"loc":{"start":{"line":17,"column":49},"end":{"line":41,"column":1}},"line":17},"2":{"name":"login","decl":{"start":{"line":43,"column":15},"end":{"line":43,"column":20}},"loc":{"start":{"line":43,"column":42},"end":{"line":60,"column":1}},"line":43}},"branchMap":{"0":{"loc":{"start":{"line":9,"column":20},"end":{"line":9,"column":51}},"type":"cond-expr","locations":[{"start":{"line":9,"column":45},"end":{"line":9,"column":46}},{"start":{"line":9,"column":49},"end":{"line":9,"column":51}}],"line":9},"1":{"loc":{"start":{"line":19,"column":2},"end":{"line":21,"column":3}},"type":"if","locations":[{"start":{"line":19,"column":2},"end":{"line":21,"column":3}},{"start":{},"end":{}}],"line":19},"2":{"loc":{"start":{"line":36,"column":4},"end":{"line":38,"column":5}},"type":"if","locations":[{"start":{"line":36,"column":4},"end":{"line":38,"column":5}},{"start":{},"end":{}}],"line":36},"3":{"loc":{"start":{"line":45,"column":2},"end":{"line":49,"column":3}},"type":"if","locations":[{"start":{"line":45,"column":2},"end":{"line":49,"column":3}},{"start":{},"end":{}}],"line":45},"4":{"loc":{"start":{"line":52,"column":2},"end":{"line":54,"column":3}},"type":"if","locations":[{"start":{"line":52,"column":2},"end":{"line":54,"column":3}},{"start":{},"end":{}}],"line":52}},"s":{"0":1,"1":1,"2":1,"3":1,"4":1,"5":1,"6":2,"7":3,"8":3,"9":1,"10":2,"11":2,"12":2,"13":1,"14":1,"15":1,"16":1,"17":0,"18":3,"19":3,"20":1,"21":2,"22":2,"23":1,"24":1,"25":1,"26":1,"27":1},"f":{"0":2,"1":3,"2":3},"b":{"0":[1,0],"1":[1,2],"2":[1,0],"3":[1,2],"4":[1,1]},"_coverageSchema":"1a1c01bbd47fc00a2c39e90264f33305004495a9","hash":"837e2c8b02aa406a479bb628140d95f38b150713","contentHash":"ef153fcc0d9ab8ef3c28ff450e3b29b919ac5a0169a9d658f919148b69d0e8f5"},"/home/claude/notes-app/backend/src/data-access/users.repository.js":{"path":"/home/claude/notes-app/backend/src/data-access/users.repository.js","statementMap":{"0":{"start":{"line":1,"column":13},"end":{"line":1,"column":36}},"1":{"start":{"line":5,"column":21},"end":{"line":5,"column":62}},"2":{"start":{"line":8,"column":19},"end":{"line":13,"column":3}},"3":{"start":{"line":14,"column":2},"end":{"line":14,"column":25}},"4":{"start":{"line":18,"column":19},"end":{"line":18,"column":92}},"5":{"start":{"line":19,"column":2},"end":{"line":19,"column":25}},"6":{"start":{"line":23,"column":19},"end":{"line":28,"column":3}},"7":{"start":{"line":29,"column":2},"end":{"line":29,"column":17}},"8":{"start":{"line":32,"column":0},"end":{"line":32,"column":55}}},"fnMap":{"0":{"name":"findByEmail","decl":{"start":{"line":7,"column":15},"end":{"line":7,"column":26}},"loc":{"start":{"line":7,"column":34},"end":{"line":15,"column":1}},"line":7},"1":{"name":"findById","decl":{"start":{"line":17,"column":15},"end":{"line":17,"column":23}},"loc":{"start":{"line":17,"column":28},"end":{"line":20,"column":1}},"line":17},"2":{"name":"createUser","decl":{"start":{"line":22,"column":15},"end":{"line":22,"column":25}},"loc":{"start":{"line":22,"column":57},"end":{"line":30,"column":1}},"line":22}},"branchMap":{"0":{"loc":{"start":{"line":14,"column":9},"end":{"line":14,"column":24}},"type":"binary-expr","locations":[{"start":{"line":14,"column":9},"end":{"line":14,"column":16}},{"start":{"line":14,"column":20},"end":{"line":14,"column":24}}],"line":14},"1":{"loc":{"start":{"line":19,"column":9},"end":{"line":19,"column":24}},"type":"binary-expr","locations":[{"start":{"line":19,"column":9},"end":{"line":19,"column":16}},{"start":{"line":19,"column":20},"end":{"line":19,"column":24}}],"line":19}},"s":{"0":1,"1":1,"2":0,"3":0,"4":0,"5":0,"6":0,"7":0,"8":1},"f":{"0":0,"1":0,"2":0},"b":{"0":[0,0],"1":[0,0]},"_coverageSchema":"1a1c01bbd47fc00a2c39e90264f33305004495a9","hash":"b07527669915c3894b80400a1b3ca3eedd94d641","contentHash":"4c2f35bc8a2bffb77c1659d8ac025e84595ae19be6ee2366a24966acb295ad28"},"/home/claude/notes-app/backend/src/validators/auth.validators.js":{"path":"/home/claude/notes-app/backend/src/validators/auth.validators.js","statementMap":{"0":{"start":{"line":1,"column":20},"end":{"line":1,"column":48}},"1":{"start":{"line":2,"column":28},"end":{"line":2,"column":29}},"2":{"start":{"line":11,"column":17},"end":{"line":11,"column":19}},"3":{"start":{"line":13,"column":2},"end":{"line":15,"column":3}},"4":{"start":{"line":14,"column":4},"end":{"line":14,"column":54}},"5":{"start":{"line":16,"column":2},"end":{"line":18,"column":3}},"6":{"start":{"line":17,"column":4},"end":{"line":17,"column":45}},"7":{"start":{"line":19,"column":2},"end":{"line":21,"column":3}},"8":{"start":{"line":20,"column":4},"end":{"line":20,"column":79}},"9":{"start":{"line":23,"column":2},"end":{"line":23,"column":16}},"10":{"start":{"line":27,"column":17},"end":{"line":27,"column":19}},"11":{"start":{"line":29,"column":2},"end":{"line":31,"column":3}},"12":{"start":{"line":30,"column":4},"end":{"line":30,"column":45}},"13":{"start":{"line":32,"column":2},"end":{"line":34,"column":3}},"14":{"start":{"line":33,"column":4},"end":{"line":33,"column":40}},"15":{"start":{"line":36,"column":2},"end":{"line":36,"column":16}},"16":{"start":{"line":39,"column":0},"end":{"line":39,"column":85}}},"fnMap":{"0":{"name":"validateSignup","decl":{"start":{"line":10,"column":9},"end":{"line":10,"column":23}},"loc":{"start":{"line":10,"column":56},"end":{"line":24,"column":1}},"line":10},"1":{"name":"validateLogin","decl":{"start":{"line":26,"column":9},"end":{"line":26,"column":22}},"loc":{"start":{"line":26,"column":49},"end":{"line":37,"column":1}},"line":26}},"branchMap":{"0":{"loc":{"start":{"line":10,"column":24},"end":{"line":10,"column":54}},"type":"default-arg","locations":[{"start":{"line":10,"column":52},"end":{"line":10,"column":54}}],"line":10},"1":{"loc":{"start":{"line":13,"column":2},"end":{"line":15,"column":3}},"type":"if","locations":[{"start":{"line":13,"column":2},"end":{"line":15,"column":3}},{"start":{},"end":{}}],"line":13},"2":{"loc":{"start":{"line":13,"column":6},"end":{"line":13,"column":65}},"type":"binary-expr","locations":[{"start":{"line":13,"column":6},"end":{"line":13,"column":11}},{"start":{"line":13,"column":15},"end":{"line":13,"column":39}},{"start":{"line":13,"column":43},"end":{"line":13,"column":65}}],"line":13},"3":{"loc":{"start":{"line":16,"column":2},"end":{"line":18,"column":3}},"type":"if","locations":[{"start":{"line":16,"column":2},"end":{"line":18,"column":3}},{"start":{},"end":{}}],"line":16},"4":{"loc":{"start":{"line":16,"column":6},"end":{"line":16,"column":69}},"type":"binary-expr","locations":[{"start":{"line":16,"column":6},"end":{"line":16,"column":12}},{"start":{"line":16,"column":16},"end":{"line":16,"column":41}},{"start":{"line":16,"column":45},"end":{"line":16,"column":69}}],"line":16},"5":{"loc":{"start":{"line":19,"column":2},"end":{"line":21,"column":3}},"type":"if","locations":[{"start":{"line":19,"column":2},"end":{"line":21,"column":3}},{"start":{},"end":{}}],"line":19},"6":{"loc":{"start":{"line":19,"column":6},"end":{"line":19,"column":88}},"type":"binary-expr","locations":[{"start":{"line":19,"column":6},"end":{"line":19,"column":15}},{"start":{"line":19,"column":19},"end":{"line":19,"column":47}},{"start":{"line":19,"column":51},"end":{"line":19,"column":88}}],"line":19},"7":{"loc":{"start":{"line":26,"column":23},"end":{"line":26,"column":47}},"type":"default-arg","locations":[{"start":{"line":26,"column":45},"end":{"line":26,"column":47}}],"line":26},"8":{"loc":{"start":{"line":29,"column":2},"end":{"line":31,"column":3}},"type":"if","locations":[{"start":{"line":29,"column":2},"end":{"line":31,"column":3}},{"start":{},"end":{}}],"line":29},"9":{"loc":{"start":{"line":29,"column":6},"end":{"line":29,"column":69}},"type":"binary-expr","locations":[{"start":{"line":29,"column":6},"end":{"line":29,"column":12}},{"start":{"line":29,"column":16},"end":{"line":29,"column":41}},{"start":{"line":29,"column":45},"end":{"line":29,"column":69}}],"line":29},"10":{"loc":{"start":{"line":32,"column":2},"end":{"line":34,"column":3}},"type":"if","locations":[{"start":{"line":32,"column":2},"end":{"line":34,"column":3}},{"start":{},"end":{}}],"line":32},"11":{"loc":{"start":{"line":32,"column":6},"end":{"line":32,"column":47}},"type":"binary-expr","locations":[{"start":{"line":32,"column":6},"end":{"line":32,"column":15}},{"start":{"line":32,"column":19},"end":{"line":32,"column":47}}],"line":32}},"s":{"0":1,"1":1,"2":4,"3":4,"4":1,"5":4,"6":1,"7":4,"8":1,"9":4,"10":3,"11":3,"12":0,"13":3,"14":0,"15":3,"16":1},"f":{"0":4,"1":3},"b":{"0":[0],"1":[1,3],"2":[4,4,4],"3":[1,3],"4":[4,4,4],"5":[1,3],"6":[4,4,4],"7":[0],"8":[0,3],"9":[3,3,3],"10":[0,3],"11":[3,3]},"_coverageSchema":"1a1c01bbd47fc00a2c39e90264f33305004495a9","hash":"32f7674d4cd6e76480869440aef87ab8e855c6dd","contentHash":"2cbfab7d11ee5de5db0bd3a52e5ae21eaa0724a4ddbfc8e6dbfdfdb9c4d3ecc9"},"/home/claude/notes-app/backend/src/middleware/authenticate.js":{"path":"/home/claude/notes-app/backend/src/middleware/authenticate.js","statementMap":{"0":{"start":{"line":1,"column":12},"end":{"line":1,"column":35}},"1":{"start":{"line":2,"column":12},"end":{"line":2,"column":36}},"2":{"start":{"line":3,"column":17},"end":{"line":3,"column":45}},"3":{"start":{"line":13,"column":0},"end":{"line":29,"column":2}},"4":{"start":{"line":14,"column":17},"end":{"line":14,"column":42}},"5":{"start":{"line":16,"column":2},"end":{"line":18,"column":3}},"6":{"start":{"line":17,"column":4},"end":{"line":17,"column":80}},"7":{"start":{"line":20,"column":16},"end":{"line":20,"column":46}},"8":{"start":{"line":22,"column":2},"end":{"line":28,"column":3}},"9":{"start":{"line":23,"column":20},"end":{"line":23,"column":52}},"10":{"start":{"line":24,"column":4},"end":{"line":24,"column":57}},"11":{"start":{"line":25,"column":4},"end":{"line":25,"column":18}},"12":{"start":{"line":27,"column":4},"end":{"line":27,"column":63}}},"fnMap":{"0":{"name":"authenticate","decl":{"start":{"line":13,"column":26},"end":{"line":13,"column":38}},"loc":{"start":{"line":13,"column":55},"end":{"line":29,"column":1}},"line":13}},"branchMap":{"0":{"loc":{"start":{"line":16,"column":2},"end":{"line":18,"column":3}},"type":"if","locations":[{"start":{"line":16,"column":2},"end":{"line":18,"column":3}},{"start":{},"end":{}}],"line":16},"1":{"loc":{"start":{"line":16,"column":6},"end":{"line":16,"column":46}},"type":"binary-expr","locations":[{"start":{"line":16,"column":6},"end":{"line":16,"column":13}},{"start":{"line":16,"column":17},"end":{"line":16,"column":46}}],"line":16}},"s":{"0":1,"1":1,"2":1,"3":1,"4":20,"5":20,"6":6,"7":14,"8":14,"9":14,"10":14,"11":14,"12":0},"f":{"0":20},"b":{"0":[6,14],"1":[20,14]},"_coverageSchema":"1a1c01bbd47fc00a2c39e90264f33305004495a9","hash":"f418ddbd9fe0fd6cd6e18eaf60a59357fcfa9e4d","contentHash":"58148b8c308a1ab67962ba819b57a4486402fd4099dfbc87d3d521fe0b54c701"},"/home/claude/notes-app/backend/src/routes/notes.routes.js":{"path":"/home/claude/notes-app/backend/src/routes/notes.routes.js","statementMap":{"0":{"start":{"line":1,"column":16},"end":{"line":1,"column":34}},"1":{"start":{"line":2,"column":24},"end":{"line":2,"column":66}},"2":{"start":{"line":4,"column":15},"end":{"line":4,"column":31}},"3":{"start":{"line":9,"column":0},"end":{"line":9,"column":38}},"4":{"start":{"line":10,"column":0},"end":{"line":10,"column":41}},"5":{"start":{"line":11,"column":0},"end":{"line":11,"column":43}},"6":{"start":{"line":12,"column":0},"end":{"line":12,"column":43}},"7":{"start":{"line":13,"column":0},"end":{"line":13,"column":46}},"8":{"start":{"line":15,"column":0},"end":{"line":15,"column":24}}},"fnMap":{},"branchMap":{},"s":{"0":1,"1":1,"2":1,"3":1,"4":1,"5":1,"6":1,"7":1,"8":1},"f":{},"b":{},"_coverageSchema":"1a1c01bbd47fc00a2c39e90264f33305004495a9","hash":"67d2fbd84301e7f9f145626f24ecae86f7edf26c","contentHash":"493b31ef704a33a917b590f3ebc3c0cf13e7cab99eb624bbf5c81c9f22e71df3"},"/home/claude/notes-app/backend/src/controllers/notes.controller.js":{"path":"/home/claude/notes-app/backend/src/controllers/notes.controller.js","statementMap":{"0":{"start":{"line":1,"column":21},"end":{"line":1,"column":57}},"1":{"start":{"line":6,"column":4},"end":{"line":6,"column":45}},"2":{"start":{"line":7,"column":17},"end":{"line":7,"column":45}},"3":{"start":{"line":10,"column":2},"end":{"line":15,"column":3}},"4":{"start":{"line":11,"column":18},"end":{"line":11,"column":59}},"5":{"start":{"line":12,"column":4},"end":{"line":12,"column":65}},"6":{"start":{"line":14,"column":4},"end":{"line":14,"column":14}},"7":{"start":{"line":19,"column":2},"end":{"line":31,"column":3}},"8":{"start":{"line":20,"column":19},"end":{"line":20,"column":47}},"9":{"start":{"line":21,"column":4},"end":{"line":23,"column":5}},"10":{"start":{"line":22,"column":6},"end":{"line":22,"column":63}},"11":{"start":{"line":25,"column":31},"end":{"line":25,"column":39}},"12":{"start":{"line":26,"column":17},"end":{"line":26,"column":79}},"13":{"start":{"line":28,"column":4},"end":{"line":28,"column":64}},"14":{"start":{"line":30,"column":4},"end":{"line":30,"column":14}},"15":{"start":{"line":35,"column":2},"end":{"line":45,"column":3}},"16":{"start":{"line":36,"column":19},"end":{"line":36,"column":45}},"17":{"start":{"line":37,"column":4},"end":{"line":39,"column":5}},"18":{"start":{"line":38,"column":6},"end":{"line":38,"column":49}},"19":{"start":{"line":41,"column":17},"end":{"line":41,"column":64}},"20":{"start":{"line":42,"column":4},"end":{"line":42,"column":64}},"21":{"start":{"line":44,"column":4},"end":{"line":44,"column":14}},"22":{"start":{"line":49,"column":2},"end":{"line":66,"column":3}},"23":{"start":{"line":50,"column":19},"end":{"line":50,"column":45}},"24":{"start":{"line":51,"column":4},"end":{"line":53,"column":5}},"25":{"start":{"line":52,"column":6},"end":{"line":52,"column":49}},"26":{"start":{"line":55,"column":19},"end":{"line":55,"column":47}},"27":{"start":{"line":56,"column":4},"end":{"line":58,"column":5}},"28":{"start":{"line":57,"column":6},"end":{"line":57,"column":63}},"29":{"start":{"line":60,"column":31},"end":{"line":60,"column":39}},"30":{"start":{"line":61,"column":17},"end":{"line":61,"column":87}},"31":{"start":{"line":63,"column":4},"end":{"line":63,"column":64}},"32":{"start":{"line":65,"column":4},"end":{"line":65,"column":14}},"33":{"start":{"line":70,"column":2},"end":{"line":80,"column":3}},"34":{"start":{"line":71,"column":19},"end":{"line":71,"column":45}},"35":{"start":{"line":72,"column":4},"end":{"line":74,"column":5}},"36":{"start":{"line":73,"column":6},"end":{"line":73,"column":49}},"37":{"start":{"line":76,"column":4},"end":{"line":76,"column":55}},"38":{"start":{"line":77,"column":4},"end":{"line":77,"column":27}},"39":{"start":{"line":79,"column":4},"end":{"line":79,"column":14}},"40":{"start":{"line":83,"column":0},"end":{"line":83,"column":58}}},"fnMap":{"0":{"name":"list","decl":{"start":{"line":9,"column":15},"end":{"line":9,"column":19}},"loc":{"start":{"line":9,"column":36},"end":{"line":16,"column":1}},"line":9},"1":{"name":"create","decl":{"start":{"line":18,"column":15},"end":{"line":18,"column":21}},"loc":{"start":{"line":18,"column":38},"end":{"line":32,"column":1}},"line":18},"2":{"name":"getOne","decl":{"start":{"line":34,"column":15},"end":{"line":34,"column":21}},"loc":{"start":{"line":34,"column":38},"end":{"line":46,"column":1}},"line":34},"3":{"name":"update","decl":{"start":{"line":48,"column":15},"end":{"line":48,"column":21}},"loc":{"start":{"line":48,"column":38},"end":{"line":67,"column":1}},"line":48},"4":{"name":"remove","decl":{"start":{"line":69,"column":15},"end":{"line":69,"column":21}},"loc":{"start":{"line":69,"column":38},"end":{"line":81,"column":1}},"line":69}},"branchMap":{"0":{"loc":{"start":{"line":21,"column":4},"end":{"line":23,"column":5}},"type":"if","locations":[{"start":{"line":21,"column":4},"end":{"line":23,"column":5}},{"start":{},"end":{}}],"line":21},"1":{"loc":{"start":{"line":37,"column":4},"end":{"line":39,"column":5}},"type":"if","locations":[{"start":{"line":37,"column":4},"end":{"line":39,"column":5}},{"start":{},"end":{}}],"line":37},"2":{"loc":{"start":{"line":51,"column":4},"end":{"line":53,"column":5}},"type":"if","locations":[{"start":{"line":51,"column":4},"end":{"line":53,"column":5}},{"start":{},"end":{}}],"line":51},"3":{"loc":{"start":{"line":56,"column":4},"end":{"line":58,"column":5}},"type":"if","locations":[{"start":{"line":56,"column":4},"end":{"line":58,"column":5}},{"start":{},"end":{}}],"line":56},"4":{"loc":{"start":{"line":72,"column":4},"end":{"line":74,"column":5}},"type":"if","locations":[{"start":{"line":72,"column":4},"end":{"line":74,"column":5}},{"start":{},"end":{}}],"line":72}},"s":{"0":1,"1":1,"2":1,"3":1,"4":1,"5":1,"6":0,"7":3,"8":3,"9":3,"10":2,"11":1,"12":1,"13":1,"14":2,"15":3,"16":3,"17":3,"18":1,"19":2,"20":1,"21":2,"22":4,"23":4,"24":4,"25":0,"26":4,"27":4,"28":1,"29":3,"30":3,"31":2,"32":2,"33":2,"34":2,"35":2,"36":0,"37":2,"38":1,"39":1,"40":1},"f":{"0":1,"1":3,"2":3,"3":4,"4":2},"b":{"0":[2,1],"1":[1,2],"2":[0,4],"3":[1,3],"4":[0,2]},"_coverageSchema":"1a1c01bbd47fc00a2c39e90264f33305004495a9","hash":"f7e176326f2220696f36b9a23088b8a30c81ed9f","contentHash":"87b33cbf2fb8e8a5cababd67375d8e4eaffa5117733f6a3013b15b3524148d21"},"/home/claude/notes-app/backend/src/services/notes.service.js":{"path":"/home/claude/notes-app/backend/src/services/notes.service.js","statementMap":{"0":{"start":{"line":1,"column":17},"end":{"line":1,"column":45}},"1":{"start":{"line":2,"column":24},"end":{"line":2,"column":66}},"2":{"start":{"line":5,"column":2},"end":{"line":5,"column":49}},"3":{"start":{"line":9,"column":2},"end":{"line":9,"column":74}},"4":{"start":{"line":13,"column":15},"end":{"line":13,"column":68}},"5":{"start":{"line":14,"column":2},"end":{"line":19,"column":3}},"6":{"start":{"line":18,"column":4},"end":{"line":18,"column":46}},"7":{"start":{"line":20,"column":2},"end":{"line":20,"column":14}},"8":{"start":{"line":24,"column":18},"end":{"line":24,"column":20}},"9":{"start":{"line":25,"column":2},"end":{"line":25,"column":56}},"10":{"start":{"line":25,"column":27},"end":{"line":25,"column":56}},"11":{"start":{"line":26,"column":2},"end":{"line":26,"column":55}},"12":{"start":{"line":26,"column":29},"end":{"line":26,"column":55}},"13":{"start":{"line":31,"column":2},"end":{"line":38,"column":3}},"14":{"start":{"line":32,"column":21},"end":{"line":32,"column":74}},"15":{"start":{"line":33,"column":4},"end":{"line":35,"column":5}},"16":{"start":{"line":34,"column":6},"end":{"line":34,"column":48}},"17":{"start":{"line":36,"column":4},"end":{"line":36,"column":68}},"18":{"start":{"line":36,"column":37},"end":{"line":36,"column":68}},"19":{"start":{"line":37,"column":4},"end":{"line":37,"column":74}},"20":{"start":{"line":37,"column":39},"end":{"line":37,"column":74}},"21":{"start":{"line":40,"column":18},"end":{"line":40,"column":78}},"22":{"start":{"line":41,"column":2},"end":{"line":45,"column":3}},"23":{"start":{"line":44,"column":4},"end":{"line":44,"column":46}},"24":{"start":{"line":46,"column":2},"end":{"line":46,"column":17}},"25":{"start":{"line":50,"column":18},"end":{"line":50,"column":69}},"26":{"start":{"line":51,"column":2},"end":{"line":53,"column":3}},"27":{"start":{"line":52,"column":4},"end":{"line":52,"column":46}},"28":{"start":{"line":56,"column":0},"end":{"line":56,"column":76}}},"fnMap":{"0":{"name":"listNotes","decl":{"start":{"line":4,"column":15},"end":{"line":4,"column":24}},"loc":{"start":{"line":4,"column":33},"end":{"line":6,"column":1}},"line":4},"1":{"name":"createNote","decl":{"start":{"line":8,"column":15},"end":{"line":8,"column":25}},"loc":{"start":{"line":8,"column":54},"end":{"line":10,"column":1}},"line":8},"2":{"name":"getNote","decl":{"start":{"line":12,"column":15},"end":{"line":12,"column":22}},"loc":{"start":{"line":12,"column":39},"end":{"line":21,"column":1}},"line":12},"3":{"name":"updateNote","decl":{"start":{"line":23,"column":15},"end":{"line":23,"column":25}},"loc":{"start":{"line":23,"column":62},"end":{"line":47,"column":1}},"line":23},"4":{"name":"deleteNote","decl":{"start":{"line":49,"column":15},"end":{"line":49,"column":25}},"loc":{"start":{"line":49,"column":42},"end":{"line":54,"column":1}},"line":49}},"branchMap":{"0":{"loc":{"start":{"line":14,"column":2},"end":{"line":19,"column":3}},"type":"if","locations":[{"start":{"line":14,"column":2},"end":{"line":19,"column":3}},{"start":{},"end":{}}],"line":14},"1":{"loc":{"start":{"line":25,"column":2},"end":{"line":25,"column":56}},"type":"if","locations":[{"start":{"line":25,"column":2},"end":{"line":25,"column":56}},{"start":{},"end":{}}],"line":25},"2":{"loc":{"start":{"line":26,"column":2},"end":{"line":26,"column":55}},"type":"if","locations":[{"start":{"line":26,"column":2},"end":{"line":26,"column":55}},{"start":{},"end":{}}],"line":26},"3":{"loc":{"start":{"line":31,"column":2},"end":{"line":38,"column":3}},"type":"if","locations":[{"start":{"line":31,"column":2},"end":{"line":38,"column":3}},{"start":{},"end":{}}],"line":31},"4":{"loc":{"start":{"line":31,"column":6},"end":{"line":31,"column":66}},"type":"binary-expr","locations":[{"start":{"line":31,"column":6},"end":{"line":31,"column":33}},{"start":{"line":31,"column":37},"end":{"line":31,"column":66}}],"line":31},"5":{"loc":{"start":{"line":33,"column":4},"end":{"line":35,"column":5}},"type":"if","locations":[{"start":{"line":33,"column":4},"end":{"line":35,"column":5}},{"start":{},"end":{}}],"line":33},"6":{"loc":{"start":{"line":36,"column":4},"end":{"line":36,"column":68}},"type":"if","locations":[{"start":{"line":36,"column":4},"end":{"line":36,"column":68}},{"start":{},"end":{}}],"line":36},"7":{"loc":{"start":{"line":37,"column":4},"end":{"line":37,"column":74}},"type":"if","locations":[{"start":{"line":37,"column":4},"end":{"line":37,"column":74}},{"start":{},"end":{}}],"line":37},"8":{"loc":{"start":{"line":41,"column":2},"end":{"line":45,"column":3}},"type":"if","locations":[{"start":{"line":41,"column":2},"end":{"line":45,"column":3}},{"start":{},"end":{}}],"line":41},"9":{"loc":{"start":{"line":51,"column":2},"end":{"line":53,"column":3}},"type":"if","locations":[{"start":{"line":51,"column":2},"end":{"line":53,"column":3}},{"start":{},"end":{}}],"line":51}},"s":{"0":1,"1":1,"2":1,"3":1,"4":2,"5":2,"6":1,"7":1,"8":3,"9":3,"10":3,"11":3,"12":1,"13":3,"14":2,"15":2,"16":1,"17":1,"18":0,"19":1,"20":1,"21":2,"22":2,"23":0,"24":2,"25":2,"26":2,"27":1,"28":1},"f":{"0":1,"1":1,"2":2,"3":3,"4":2},"b":{"0":[1,1],"1":[3,0],"2":[1,2],"3":[2,1],"4":[3,3],"5":[1,1],"6":[0,1],"7":[1,0],"8":[0,2],"9":[1,1]},"_coverageSchema":"1a1c01bbd47fc00a2c39e90264f33305004495a9","hash":"aa994a9b8533d338108e3d394896259376ba3b46","contentHash":"6c703a8674e6f14429c4f5dcb7e4a67e5fc09b825c71917c278dbc94a8019ce1"},"/home/claude/notes-app/backend/src/data-access/notes.repository.js":{"path":"/home/claude/notes-app/backend/src/data-access/notes.repository.js","statementMap":{"0":{"start":{"line":1,"column":13},"end":{"line":1,"column":36}},"1":{"start":{"line":13,"column":19},"end":{"line":19,"column":3}},"2":{"start":{"line":20,"column":2},"end":{"line":20,"column":14}},"3":{"start":{"line":24,"column":19},"end":{"line":29,"column":3}},"4":{"start":{"line":30,"column":2},"end":{"line":30,"column":25}},"5":{"start":{"line":34,"column":19},"end":{"line":39,"column":3}},"6":{"start":{"line":40,"column":2},"end":{"line":40,"column":17}},"7":{"start":{"line":49,"column":19},"end":{"line":56,"column":3}},"8":{"start":{"line":57,"column":2},"end":{"line":57,"column":25}},"9":{"start":{"line":64,"column":23},"end":{"line":67,"column":4}},"10":{"start":{"line":68,"column":2},"end":{"line":68,"column":22}},"11":{"start":{"line":71,"column":0},"end":{"line":71,"column":92}}},"fnMap":{"0":{"name":"findAllByUserId","decl":{"start":{"line":12,"column":15},"end":{"line":12,"column":30}},"loc":{"start":{"line":12,"column":39},"end":{"line":21,"column":1}},"line":12},"1":{"name":"findByIdForUser","decl":{"start":{"line":23,"column":15},"end":{"line":23,"column":30}},"loc":{"start":{"line":23,"column":43},"end":{"line":31,"column":1}},"line":23},"2":{"name":"create","decl":{"start":{"line":33,"column":15},"end":{"line":33,"column":21}},"loc":{"start":{"line":33,"column":50},"end":{"line":41,"column":1}},"line":33},"3":{"name":"updateForUser","decl":{"start":{"line":48,"column":15},"end":{"line":48,"column":28}},"loc":{"start":{"line":48,"column":61},"end":{"line":58,"column":1}},"line":48},"4":{"name":"deleteForUser","decl":{"start":{"line":63,"column":15},"end":{"line":63,"column":28}},"loc":{"start":{"line":63,"column":41},"end":{"line":69,"column":1}},"line":63}},"branchMap":{"0":{"loc":{"start":{"line":30,"column":9},"end":{"line":30,"column":24}},"type":"binary-expr","locations":[{"start":{"line":30,"column":9},"end":{"line":30,"column":16}},{"start":{"line":30,"column":20},"end":{"line":30,"column":24}}],"line":30},"1":{"loc":{"start":{"line":57,"column":9},"end":{"line":57,"column":24}},"type":"binary-expr","locations":[{"start":{"line":57,"column":9},"end":{"line":57,"column":16}},{"start":{"line":57,"column":20},"end":{"line":57,"column":24}}],"line":57}},"s":{"0":1,"1":0,"2":0,"3":0,"4":0,"5":0,"6":0,"7":0,"8":0,"9":0,"10":0,"11":1},"f":{"0":0,"1":0,"2":0,"3":0,"4":0},"b":{"0":[0,0],"1":[0,0]},"_coverageSchema":"1a1c01bbd47fc00a2c39e90264f33305004495a9","hash":"a14adfc5f5b48d079d6675b9760b338a37d3bdd7","contentHash":"3c052b4dae02dc0c75fb570e80fd1f7cc7fae66272b34e5295b1a815531a063a"},"/home/claude/notes-app/backend/src/validators/notes.validators.js":{"path":"/home/claude/notes-app/backend/src/validators/notes.validators.js","statementMap":{"0":{"start":{"line":1,"column":25},"end":{"line":1,"column":28}},"1":{"start":{"line":4,"column":2},"end":{"line":4,"column":78}},"2":{"start":{"line":8,"column":17},"end":{"line":8,"column":19}},"3":{"start":{"line":10,"column":2},"end":{"line":14,"column":3}},"4":{"start":{"line":11,"column":4},"end":{"line":11,"column":37}},"5":{"start":{"line":12,"column":9},"end":{"line":14,"column":3}},"6":{"start":{"line":13,"column":4},"end":{"line":13,"column":73}},"7":{"start":{"line":16,"column":2},"end":{"line":23,"column":3}},"8":{"start":{"line":17,"column":4},"end":{"line":17,"column":39}},"9":{"start":{"line":18,"column":9},"end":{"line":23,"column":3}},"10":{"start":{"line":22,"column":4},"end":{"line":22,"column":49}},"11":{"start":{"line":25,"column":2},"end":{"line":25,"column":16}},"12":{"start":{"line":29,"column":17},"end":{"line":29,"column":19}},"13":{"start":{"line":31,"column":2},"end":{"line":34,"column":3}},"14":{"start":{"line":32,"column":4},"end":{"line":32,"column":69}},"15":{"start":{"line":33,"column":4},"end":{"line":33,"column":18}},"16":{"start":{"line":36,"column":2},"end":{"line":42,"column":3}},"17":{"start":{"line":37,"column":4},"end":{"line":41,"column":5}},"18":{"start":{"line":38,"column":6},"end":{"line":38,"column":54}},"19":{"start":{"line":39,"column":11},"end":{"line":41,"column":5}},"20":{"start":{"line":40,"column":6},"end":{"line":40,"column":75}},"21":{"start":{"line":44,"column":2},"end":{"line":46,"column":3}},"22":{"start":{"line":45,"column":4},"end":{"line":45,"column":49}},"23":{"start":{"line":48,"column":2},"end":{"line":48,"column":16}},"24":{"start":{"line":58,"column":2},"end":{"line":60,"column":3}},"25":{"start":{"line":59,"column":4},"end":{"line":59,"column":16}},"26":{"start":{"line":61,"column":13},"end":{"line":61,"column":26}},"27":{"start":{"line":62,"column":2},"end":{"line":62,"column":56}},"28":{"start":{"line":65,"column":0},"end":{"line":70,"column":2}}},"fnMap":{"0":{"name":"isPlainObject","decl":{"start":{"line":3,"column":9},"end":{"line":3,"column":22}},"loc":{"start":{"line":3,"column":30},"end":{"line":5,"column":1}},"line":3},"1":{"name":"validateCreateNote","decl":{"start":{"line":7,"column":9},"end":{"line":7,"column":27}},"loc":{"start":{"line":7,"column":53},"end":{"line":26,"column":1}},"line":7},"2":{"name":"validateUpdateNote","decl":{"start":{"line":28,"column":9},"end":{"line":28,"column":27}},"loc":{"start":{"line":28,"column":53},"end":{"line":49,"column":1}},"line":28},"3":{"name":"parseNoteId","decl":{"start":{"line":57,"column":9},"end":{"line":57,"column":20}},"loc":{"start":{"line":57,"column":28},"end":{"line":63,"column":1}},"line":57}},"branchMap":{"0":{"loc":{"start":{"line":4,"column":9},"end":{"line":4,"column":77}},"type":"binary-expr","locations":[{"start":{"line":4,"column":9},"end":{"line":4,"column":34}},{"start":{"line":4,"column":38},"end":{"line":4,"column":52}},{"start":{"line":4,"column":56},"end":{"line":4,"column":77}}],"line":4},"1":{"loc":{"start":{"line":7,"column":28},"end":{"line":7,"column":51}},"type":"default-arg","locations":[{"start":{"line":7,"column":49},"end":{"line":7,"column":51}}],"line":7},"2":{"loc":{"start":{"line":10,"column":2},"end":{"line":14,"column":3}},"type":"if","locations":[{"start":{"line":10,"column":2},"end":{"line":14,"column":3}},{"start":{"line":12,"column":9},"end":{"line":14,"column":3}}],"line":10},"3":{"loc":{"start":{"line":10,"column":6},"end":{"line":10,"column":70}},"type":"binary-expr","locations":[{"start":{"line":10,"column":6},"end":{"line":10,"column":12}},{"start":{"line":10,"column":16},"end":{"line":10,"column":41}},{"start":{"line":10,"column":45},"end":{"line":10,"column":70}}],"line":10},"4":{"loc":{"start":{"line":12,"column":9},"end":{"line":14,"column":3}},"type":"if","locations":[{"start":{"line":12,"column":9},"end":{"line":14,"column":3}},{"start":{},"end":{}}],"line":12},"5":{"loc":{"start":{"line":16,"column":2},"end":{"line":23,"column":3}},"type":"if","locations":[{"start":{"line":16,"column":2},"end":{"line":23,"column":3}},{"start":{"line":18,"column":9},"end":{"line":23,"column":3}}],"line":16},"6":{"loc":{"start":{"line":16,"column":6},"end":{"line":16,"column":47}},"type":"binary-expr","locations":[{"start":{"line":16,"column":6},"end":{"line":16,"column":27}},{"start":{"line":16,"column":31},"end":{"line":16,"column":47}}],"line":16},"7":{"loc":{"start":{"line":18,"column":9},"end":{"line":23,"column":3}},"type":"if","locations":[{"start":{"line":18,"column":9},"end":{"line":23,"column":3}},{"start":{},"end":{}}],"line":18},"8":{"loc":{"start":{"line":28,"column":28},"end":{"line":28,"column":51}},"type":"default-arg","locations":[{"start":{"line":28,"column":49},"end":{"line":28,"column":51}}],"line":28},"9":{"loc":{"start":{"line":31,"column":2},"end":{"line":34,"column":3}},"type":"if","locations":[{"start":{"line":31,"column":2},"end":{"line":34,"column":3}},{"start":{},"end":{}}],"line":31},"10":{"loc":{"start":{"line":31,"column":6},"end":{"line":31,"column":50}},"type":"binary-expr","locations":[{"start":{"line":31,"column":6},"end":{"line":31,"column":25}},{"start":{"line":31,"column":29},"end":{"line":31,"column":50}}],"line":31},"11":{"loc":{"start":{"line":36,"column":2},"end":{"line":42,"column":3}},"type":"if","locations":[{"start":{"line":36,"column":2},"end":{"line":42,"column":3}},{"start":{},"end":{}}],"line":36},"12":{"loc":{"start":{"line":37,"column":4},"end":{"line":41,"column":5}},"type":"if","locations":[{"start":{"line":37,"column":4},"end":{"line":41,"column":5}},{"start":{"line":39,"column":11},"end":{"line":41,"column":5}}],"line":37},"13":{"loc":{"start":{"line":37,"column":8},"end":{"line":37,"column":62}},"type":"binary-expr","locations":[{"start":{"line":37,"column":8},"end":{"line":37,"column":33}},{"start":{"line":37,"column":37},"end":{"line":37,"column":62}}],"line":37},"14":{"loc":{"start":{"line":39,"column":11},"end":{"line":41,"column":5}},"type":"if","locations":[{"start":{"line":39,"column":11},"end":{"line":41,"column":5}},{"start":{},"end":{}}],"line":39},"15":{"loc":{"start":{"line":44,"column":2},"end":{"line":46,"column":3}},"type":"if","locations":[{"start":{"line":44,"column":2},"end":{"line":46,"column":3}},{"start":{},"end":{}}],"line":44},"16":{"loc":{"start":{"line":44,"column":6},"end":{"line":44,"column":54}},"type":"binary-expr","locations":[{"start":{"line":44,"column":6},"end":{"line":44,"column":27}},{"start":{"line":44,"column":31},"end":{"line":44,"column":54}}],"line":44},"17":{"loc":{"start":{"line":58,"column":2},"end":{"line":60,"column":3}},"type":"if","locations":[{"start":{"line":58,"column":2},"end":{"line":60,"column":3}},{"start":{},"end":{}}],"line":58},"18":{"loc":{"start":{"line":62,"column":9},"end":{"line":62,"column":55}},"type":"cond-expr","locations":[{"start":{"line":62,"column":46},"end":{"line":62,"column":48}},{"start":{"line":62,"column":51},"end":{"line":62,"column":55}}],"line":62},"19":{"loc":{"start":{"line":62,"column":9},"end":{"line":62,"column":43}},"type":"binary-expr","locations":[{"start":{"line":62,"column":9},"end":{"line":62,"column":33}},{"start":{"line":62,"column":37},"end":{"line":62,"column":43}}],"line":62}},"s":{"0":1,"1":4,"2":3,"3":3,"4":1,"5":2,"6":0,"7":3,"8":0,"9":3,"10":1,"11":3,"12":4,"13":4,"14":1,"15":1,"16":3,"17":3,"18":0,"19":3,"20":0,"21":3,"22":0,"23":3,"24":9,"25":1,"26":8,"27":8,"28":1},"f":{"0":4,"1":3,"2":4,"3":9},"b":{"0":[4,3,3],"1":[0],"2":[1,2],"3":[3,2,2],"4":[0,2],"5":[0,3],"6":[3,3],"7":[1,2],"8":[0],"9":[1,3],"10":[4,1],"11":[3,0],"12":[0,3],"13":[3,3],"14":[0,3],"15":[0,3],"16":[3,1],"17":[1,8],"18":[8,0],"19":[8,8]},"_coverageSchema":"1a1c01bbd47fc00a2c39e90264f33305004495a9","hash":"9bd9b70edadb8c6cbff4416940cc98a940ba731b","contentHash":"b9ca09bf1bda6b708c7c795e8d002c7f2f41be820cbca6acc7086bcee0a417a8"}}