{"C:\\Users\\SABRI LAPTOP\\Desktop\\10PEARLS(NOTES APP)\\cohort-9-mern-13118-aliha\\backend\\src\\config\\db.js":{"path":"C:\\Users\\SABRI LAPTOP\\Desktop\\10PEARLS(NOTES APP)\\cohort-9-mern-13118-aliha\\backend\\src\\config\\db.js","statementMap":{"0":{"start":{"line":1,"column":17},"end":{"line":1,"column":30}},"1":{"start":{"line":2,"column":12},"end":{"line":2,"column":28}},"2":{"start":{"line":3,"column":15},"end":{"line":3,"column":41}},"3":{"start":{"line":4,"column":13},"end":{"line":6,"column":2}},"4":{"start":{"line":8,"column":0},"end":{"line":10,"column":3}},"5":{"start":{"line":9,"column":2},"end":{"line":9,"column":70}},"6":{"start":{"line":12,"column":0},"end":{"line":12,"column":22}}},"fnMap":{"0":{"name":"(anonymous_0)","decl":{"start":{"line":8,"column":17},"end":{"line":8,"column":18}},"loc":{"start":{"line":8,"column":26},"end":{"line":10,"column":1}},"line":8}},"branchMap":{},"s":{"0":1,"1":1,"2":1,"3":1,"4":1,"5":0,"6":1},"f":{"0":0},"b":{},"_coverageSchema":"1a1c01bbd47fc00a2c39e90264f33305004495a9","hash":"146952009eb5a9b2c4739cd88fcc2dda767415f4","contentHash":"251ec5182cc1063ee8529eabd8392e479052ee88f0dd4aef63e9b62fc8cbd910"},"C:\\Users\\SABRI LAPTOP\\Desktop\\10PEARLS(NOTES APP)\\cohort-9-mern-13118-aliha\\backend\\src\\config\\env.js":{"path":"C:\\Users\\SABRI LAPTOP\\Desktop\\10PEARLS(NOTES APP)\\cohort-9-mern-13118-aliha\\backend\\src\\config\\env.js","statementMap":{"0":{"start":{"line":1,"column":0},"end":{"line":1,"column":27}},"1":{"start":{"line":3,"column":12},"end":{"line":15,"column":1}},"2":{"start":{"line":13,"column":21},"end":{"line":13,"column":34}},"3":{"start":{"line":18,"column":2},"end":{"line":20,"column":3}},"4":{"start":{"line":19,"column":4},"end":{"line":19,"column":11}},"5":{"start":{"line":22,"column":18},"end":{"line":22,"column":73}},"6":{"start":{"line":22,"column":63},"end":{"line":22,"column":72}},"7":{"start":{"line":23,"column":2},"end":{"line":32,"column":3}},"8":{"start":{"line":24,"column":18},"end":{"line":26,"column":5}},"9":{"start":{"line":25,"column":6},"end":{"line":25,"column":59}},"10":{"start":{"line":27,"column":4},"end":{"line":30,"column":6}},"11":{"start":{"line":31,"column":4},"end":{"line":31,"column":20}},"12":{"start":{"line":34,"column":36},"end":{"line":34,"column":76}},"13":{"start":{"line":35,"column":32},"end":{"line":35,"column":34}},"14":{"start":{"line":37,"column":2},"end":{"line":42,"column":3}},"15":{"start":{"line":38,"column":4},"end":{"line":40,"column":6}},"16":{"start":{"line":41,"column":4},"end":{"line":41,"column":20}},"17":{"start":{"line":44,"column":2},"end":{"line":49,"column":3}},"18":{"start":{"line":45,"column":4},"end":{"line":47,"column":6}},"19":{"start":{"line":48,"column":4},"end":{"line":48,"column":20}},"20":{"start":{"line":52,"column":0},"end":{"line":52,"column":20}},"21":{"start":{"line":54,"column":0},"end":{"line":54,"column":21}}},"fnMap":{"0":{"name":"(anonymous_0)","decl":{"start":{"line":13,"column":9},"end":{"line":13,"column":10}},"loc":{"start":{"line":13,"column":21},"end":{"line":13,"column":34}},"line":13},"1":{"name":"assertRequiredEnv","decl":{"start":{"line":17,"column":9},"end":{"line":17,"column":26}},"loc":{"start":{"line":17,"column":29},"end":{"line":50,"column":1}},"line":17},"2":{"name":"(anonymous_2)","decl":{"start":{"line":22,"column":54},"end":{"line":22,"column":55}},"loc":{"start":{"line":22,"column":63},"end":{"line":22,"column":72}},"line":22},"3":{"name":"(anonymous_3)","decl":{"start":{"line":24,"column":30},"end":{"line":24,"column":31}},"loc":{"start":{"line":25,"column":6},"end":{"line":25,"column":59}},"line":25}},"branchMap":{"0":{"loc":{"start":{"line":4,"column":11},"end":{"line":4,"column":48}},"type":"binary-expr","locations":[{"start":{"line":4,"column":11},"end":{"line":4,"column":31}},{"start":{"line":4,"column":35},"end":{"line":4,"column":48}}],"line":4},"1":{"loc":{"start":{"line":5,"column":8},"end":{"line":5,"column":53}},"type":"binary-expr","locations":[{"start":{"line":5,"column":8},"end":{"line":5,"column":45}},{"start":{"line":5,"column":49},"end":{"line":5,"column":53}}],"line":5},"2":{"loc":{"start":{"line":8,"column":16},"end":{"line":8,"column":50}},"type":"binary-expr","locations":[{"start":{"line":8,"column":16},"end":{"line":8,"column":42}},{"start":{"line":8,"column":46},"end":{"line":8,"column":50}}],"line":8},"3":{"loc":{"start":{"line":9,"column":12},"end":{"line":9,"column":43}},"type":"binary-expr","locations":[{"start":{"line":9,"column":12},"end":{"line":9,"column":33}},{"start":{"line":9,"column":37},"end":{"line":9,"column":43}}],"line":9},"4":{"loc":{"start":{"line":11,"column":16},"end":{"line":11,"column":67}},"type":"binary-expr","locations":[{"start":{"line":11,"column":16},"end":{"line":11,"column":40}},{"start":{"line":11,"column":44},"end":{"line":11,"column":67}}],"line":11},"5":{"loc":{"start":{"line":18,"column":2},"end":{"line":20,"column":3}},"type":"if","locations":[{"start":{"line":18,"column":2},"end":{"line":20,"column":3}},{"start":{},"end":{}}],"line":18},"6":{"loc":{"start":{"line":23,"column":2},"end":{"line":32,"column":3}},"type":"if","locations":[{"start":{"line":23,"column":2},"end":{"line":32,"column":3}},{"start":{},"end":{}}],"line":23},"7":{"loc":{"start":{"line":25,"column":6},"end":{"line":25,"column":59}},"type":"cond-expr","locations":[{"start":{"line":25,"column":30},"end":{"line":25,"column":44}},{"start":{"line":25,"column":47},"end":{"line":25,"column":59}}],"line":25},"8":{"loc":{"start":{"line":37,"column":2},"end":{"line":42,"column":3}},"type":"if","locations":[{"start":{"line":37,"column":2},"end":{"line":42,"column":3}},{"start":{},"end":{}}],"line":37},"9":{"loc":{"start":{"line":44,"column":2},"end":{"line":49,"column":3}},"type":"if","locations":[{"start":{"line":44,"column":2},"end":{"line":49,"column":3}},{"start":{},"end":{}}],"line":44}},"s":{"0":1,"1":1,"2":1,"3":1,"4":1,"5":0,"6":0,"7":0,"8":0,"9":0,"10":0,"11":0,"12":0,"13":0,"14":0,"15":0,"16":0,"17":0,"18":0,"19":0,"20":1,"21":1},"f":{"0":1,"1":1,"2":0,"3":0},"b":{"0":[1,0],"1":[1,0],"2":[1,0],"3":[1,0],"4":[1,0],"5":[1,0],"6":[0,0],"7":[0,0],"8":[0,0],"9":[0,0]},"_coverageSchema":"1a1c01bbd47fc00a2c39e90264f33305004495a9","hash":"67769bf23c41595bc8104415a415144d9f5aadd2","contentHash":"b8f548187793a8af1a9c80dbe8020b1eb89abc4d4583d0d5f8cd0aae75289592"},"C:\\Users\\SABRI LAPTOP\\Desktop\\10PEARLS(NOTES APP)\\cohort-9-mern-13118-aliha\\backend\\src\\utils\\logger.js":{"path":"C:\\Users\\SABRI LAPTOP\\Desktop\\10PEARLS(NOTES APP)\\cohort-9-mern-13118-aliha\\backend\\src\\utils\\logger.js","statementMap":{"0":{"start":{"line":1,"column":13},"end":{"line":1,"column":28}},"1":{"start":{"line":2,"column":12},"end":{"line":2,"column":36}},"2":{"start":{"line":3,"column":15},"end":{"line":16,"column":2}},"3":{"start":{"line":18,"column":0},"end":{"line":18,"column":24}}},"fnMap":{},"branchMap":{"0":{"loc":{"start":{"line":4,"column":9},"end":{"line":4,"column":57}},"type":"cond-expr","locations":[{"start":{"line":4,"column":34},"end":{"line":4,"column":42}},{"start":{"line":4,"column":45},"end":{"line":4,"column":57}}],"line":4}},"s":{"0":1,"1":1,"2":1,"3":1},"f":{},"b":{"0":[1,0]},"_coverageSchema":"1a1c01bbd47fc00a2c39e90264f33305004495a9","hash":"a64c450bac7be206d59d6b51ec78465e83799824","contentHash":"8006a4612d31ee3f110b1609e7071e0dddea59a8dff2b87b8c5d10d04494dc9d"},"C:\\Users\\SABRI LAPTOP\\Desktop\\10PEARLS(NOTES APP)\\cohort-9-mern-13118-aliha\\backend\\src\\app.js":{"path":"C:\\Users\\SABRI LAPTOP\\Desktop\\10PEARLS(NOTES APP)\\cohort-9-mern-13118-aliha\\backend\\src\\app.js","statementMap":{"0":{"start":{"line":1,"column":16},"end":{"line":1,"column":34}},"1":{"start":{"line":2,"column":13},"end":{"line":2,"column":28}},"2":{"start":{"line":3,"column":17},"end":{"line":3,"column":37}},"3":{"start":{"line":5,"column":15},"end":{"line":5,"column":40}},"4":{"start":{"line":6,"column":12},"end":{"line":6,"column":35}},"5":{"start":{"line":7,"column":18},"end":{"line":7,"column":51}},"6":{"start":{"line":8,"column":17},"end":{"line":8,"column":49}},"7":{"start":{"line":9,"column":21},"end":{"line":9,"column":57}},"8":{"start":{"line":10,"column":15},"end":{"line":10,"column":34}},"9":{"start":{"line":12,"column":12},"end":{"line":12,"column":21}},"10":{"start":{"line":14,"column":0},"end":{"line":14,"column":28}},"11":{"start":{"line":15,"column":0},"end":{"line":15,"column":19}},"12":{"start":{"line":17,"column":0},"end":{"line":23,"column":2}},"13":{"start":{"line":20,"column":27},"end":{"line":20,"column":55}},"14":{"start":{"line":25,"column":0},"end":{"line":30,"column":2}},"15":{"start":{"line":31,"column":0},"end":{"line":31,"column":24}},"16":{"start":{"line":33,"column":0},"end":{"line":33,"column":24}},"17":{"start":{"line":35,"column":0},"end":{"line":35,"column":18}},"18":{"start":{"line":36,"column":0},"end":{"line":36,"column":22}},"19":{"start":{"line":38,"column":0},"end":{"line":38,"column":21}}},"fnMap":{"0":{"name":"(anonymous_0)","decl":{"start":{"line":20,"column":17},"end":{"line":20,"column":18}},"loc":{"start":{"line":20,"column":27},"end":{"line":20,"column":55}},"line":20}},"branchMap":{},"s":{"0":1,"1":1,"2":1,"3":1,"4":1,"5":1,"6":1,"7":1,"8":1,"9":1,"10":1,"11":1,"12":1,"13":72,"14":1,"15":1,"16":1,"17":1,"18":1,"19":1},"f":{"0":72},"b":{},"_coverageSchema":"1a1c01bbd47fc00a2c39e90264f33305004495a9","hash":"cbe22898b7a24817934bcd400b0533d339ddfa0b","contentHash":"9222abe5fd88a970af558c92ea9c4e145857b54ad9de9050a0507fa6123aae88"},"C:\\Users\\SABRI LAPTOP\\Desktop\\10PEARLS(NOTES APP)\\cohort-9-mern-13118-aliha\\backend\\src\\middleware\\requestId.js":{"path":"C:\\Users\\SABRI LAPTOP\\Desktop\\10PEARLS(NOTES APP)\\cohort-9-mern-13118-aliha\\backend\\src\\middleware\\requestId.js","statementMap":{"0":{"start":{"line":1,"column":23},"end":{"line":1,"column":45}},"1":{"start":{"line":3,"column":0},"end":{"line":7,"column":2}},"2":{"start":{"line":4,"column":2},"end":{"line":4,"column":62}},"3":{"start":{"line":5,"column":2},"end":{"line":5,"column":47}},"4":{"start":{"line":6,"column":2},"end":{"line":6,"column":9}}},"fnMap":{"0":{"name":"requestId","decl":{"start":{"line":3,"column":26},"end":{"line":3,"column":35}},"loc":{"start":{"line":3,"column":52},"end":{"line":7,"column":1}},"line":3}},"branchMap":{"0":{"loc":{"start":{"line":4,"column":18},"end":{"line":4,"column":61}},"type":"binary-expr","locations":[{"start":{"line":4,"column":18},"end":{"line":4,"column":45}},{"start":{"line":4,"column":49},"end":{"line":4,"column":61}}],"line":4}},"s":{"0":1,"1":1,"2":36,"3":36,"4":36},"f":{"0":36},"b":{"0":[36,35]},"_coverageSchema":"1a1c01bbd47fc00a2c39e90264f33305004495a9","hash":"eb51d494210806c47053eeacdd316dceee88aa8f","contentHash":"b77bcd599e1b5b2cb901f18e9b870b10ac35d99427e9a25c3e3232f127af29b2"},"C:\\Users\\SABRI LAPTOP\\Desktop\\10PEARLS(NOTES APP)\\cohort-9-mern-13118-aliha\\backend\\src\\middleware\\notFound.js":{"path":"C:\\Users\\SABRI LAPTOP\\Desktop\\10PEARLS(NOTES APP)\\cohort-9-mern-13118-aliha\\backend\\src\\middleware\\notFound.js","statementMap":{"0":{"start":{"line":1,"column":17},"end":{"line":1,"column":45}},"1":{"start":{"line":3,"column":0},"end":{"line":6,"column":2}},"2":{"start":{"line":4,"column":21},"end":{"line":4,"column":47}},"3":{"start":{"line":5,"column":2},"end":{"line":5,"column":72}}},"fnMap":{"0":{"name":"notFound","decl":{"start":{"line":3,"column":26},"end":{"line":3,"column":34}},"loc":{"start":{"line":3,"column":51},"end":{"line":6,"column":1}},"line":3}},"branchMap":{},"s":{"0":1,"1":1,"2":2,"3":2},"f":{"0":2},"b":{},"_coverageSchema":"1a1c01bbd47fc00a2c39e90264f33305004495a9","hash":"1135830b3da806dd6ba6760fd305c9e2a114681a","contentHash":"8515966b3bc42c26465930181514f6b9b89da6135c97adf24754b4ba43eb0415"},"C:\\Users\\SABRI LAPTOP\\Desktop\\10PEARLS(NOTES APP)\\cohort-9-mern-13118-aliha\\backend\\src\\utils\\AppError.js":{"path":"C:\\Users\\SABRI LAPTOP\\Desktop\\10PEARLS(NOTES APP)\\cohort-9-mern-13118-aliha\\backend\\src\\utils\\AppError.js","statementMap":{"0":{"start":{"line":3,"column":4},"end":{"line":3,"column":19}},"1":{"start":{"line":4,"column":4},"end":{"line":4,"column":38}},"2":{"start":{"line":7,"column":6},"end":{"line":7,"column":76}},"3":{"start":{"line":9,"column":4},"end":{"line":13,"column":5}},"4":{"start":{"line":10,"column":6},"end":{"line":12,"column":8}},"5":{"start":{"line":15,"column":4},"end":{"line":15,"column":62}},"6":{"start":{"line":16,"column":4},"end":{"line":16,"column":27}},"7":{"start":{"line":17,"column":4},"end":{"line":17,"column":30}},"8":{"start":{"line":18,"column":4},"end":{"line":18,"column":52}},"9":{"start":{"line":22,"column":0},"end":{"line":22,"column":26}}},"fnMap":{"0":{"name":"(anonymous_0)","decl":{"start":{"line":2,"column":2},"end":{"line":2,"column":3}},"loc":{"start":{"line":2,"column":62},"end":{"line":19,"column":3}},"line":2}},"branchMap":{"0":{"loc":{"start":{"line":2,"column":23},"end":{"line":2,"column":39}},"type":"default-arg","locations":[{"start":{"line":2,"column":36},"end":{"line":2,"column":39}}],"line":2},"1":{"loc":{"start":{"line":2,"column":41},"end":{"line":2,"column":60}},"type":"default-arg","locations":[{"start":{"line":2,"column":51},"end":{"line":2,"column":60}}],"line":2},"2":{"loc":{"start":{"line":7,"column":6},"end":{"line":7,"column":76}},"type":"binary-expr","locations":[{"start":{"line":7,"column":6},"end":{"line":7,"column":34}},{"start":{"line":7,"column":38},"end":{"line":7,"column":55}},{"start":{"line":7,"column":59},"end":{"line":7,"column":76}}],"line":7},"3":{"loc":{"start":{"line":9,"column":4},"end":{"line":13,"column":5}},"type":"if","locations":[{"start":{"line":9,"column":4},"end":{"line":13,"column":5}},{"start":{},"end":{}}],"line":9},"4":{"loc":{"start":{"line":15,"column":22},"end":{"line":15,"column":61}},"type":"cond-expr","locations":[{"start":{"line":15,"column":45},"end":{"line":15,"column":55}},{"start":{"line":15,"column":58},"end":{"line":15,"column":61}}],"line":15}},"s":{"0":22,"1":22,"2":22,"3":22,"4":0,"5":22,"6":22,"7":22,"8":22,"9":1},"f":{"0":22},"b":{"0":[0],"1":[18],"2":[22,22,22],"3":[0,22],"4":[22,0]},"_coverageSchema":"1a1c01bbd47fc00a2c39e90264f33305004495a9","hash":"a69d431e8cf4337bc07cc37d1ca4e9bf010dda25","contentHash":"e385ecb995364c7aac324cd52c48d7d6dba6fd1b347f609a60ebf846ec6b1dda"},"C:\\Users\\SABRI LAPTOP\\Desktop\\10PEARLS(NOTES APP)\\cohort-9-mern-13118-aliha\\backend\\src\\middleware\\errorHandler.js":{"path":"C:\\Users\\SABRI LAPTOP\\Desktop\\10PEARLS(NOTES APP)\\cohort-9-mern-13118-aliha\\backend\\src\\middleware\\errorHandler.js","statementMap":{"0":{"start":{"line":1,"column":15},"end":{"line":1,"column":41}},"1":{"start":{"line":2,"column":0},"end":{"line":35,"column":2}},"2":{"start":{"line":3,"column":21},"end":{"line":3,"column":76}},"3":{"start":{"line":4,"column":24},"end":{"line":4,"column":41}},"4":{"start":{"line":5,"column":18},"end":{"line":5,"column":71}},"5":{"start":{"line":6,"column":24},"end":{"line":12,"column":3}},"6":{"start":{"line":14,"column":2},"end":{"line":23,"column":4}},"7":{"start":{"line":25,"column":19},"end":{"line":29,"column":3}},"8":{"start":{"line":30,"column":2},"end":{"line":32,"column":3}},"9":{"start":{"line":31,"column":4},"end":{"line":31,"column":35}},"10":{"start":{"line":34,"column":2},"end":{"line":34,"column":40}}},"fnMap":{"0":{"name":"errorHandler","decl":{"start":{"line":2,"column":26},"end":{"line":2,"column":38}},"loc":{"start":{"line":2,"column":60},"end":{"line":35,"column":1}},"line":2}},"branchMap":{"0":{"loc":{"start":{"line":3,"column":21},"end":{"line":3,"column":76}},"type":"cond-expr","locations":[{"start":{"line":3,"column":56},"end":{"line":3,"column":70}},{"start":{"line":3,"column":73},"end":{"line":3,"column":76}}],"line":3},"1":{"loc":{"start":{"line":5,"column":18},"end":{"line":5,"column":71}},"type":"cond-expr","locations":[{"start":{"line":5,"column":34},"end":{"line":5,"column":57}},{"start":{"line":5,"column":60},"end":{"line":5,"column":71}}],"line":5},"2":{"loc":{"start":{"line":30,"column":2},"end":{"line":32,"column":3}},"type":"if","locations":[{"start":{"line":30,"column":2},"end":{"line":32,"column":3}},{"start":{},"end":{}}],"line":30},"3":{"loc":{"start":{"line":30,"column":6},"end":{"line":30,"column":49}},"type":"binary-expr","locations":[{"start":{"line":30,"column":6},"end":{"line":30,"column":20}},{"start":{"line":30,"column":24},"end":{"line":30,"column":49}}],"line":30}},"s":{"0":1,"1":1,"2":22,"3":22,"4":22,"5":22,"6":22,"7":22,"8":22,"9":4,"10":22},"f":{"0":22},"b":{"0":[22,0],"1":[0,22],"2":[4,18],"3":[22,22]},"_coverageSchema":"1a1c01bbd47fc00a2c39e90264f33305004495a9","hash":"1df18067380db0ecb6fd8fddd3808eac27334e46","contentHash":"1e06ba65746095f1a26040af2ac26302abc833e231b5cd2033fc640546bf8cd6"},"C:\\Users\\SABRI LAPTOP\\Desktop\\10PEARLS(NOTES APP)\\cohort-9-mern-13118-aliha\\backend\\src\\routes\\index.js":{"path":"C:\\Users\\SABRI LAPTOP\\Desktop\\10PEARLS(NOTES APP)\\cohort-9-mern-13118-aliha\\backend\\src\\routes\\index.js","statementMap":{"0":{"start":{"line":1,"column":16},"end":{"line":1,"column":34}},"1":{"start":{"line":2,"column":21},"end":{"line":2,"column":47}},"2":{"start":{"line":3,"column":19},"end":{"line":3,"column":43}},"3":{"start":{"line":4,"column":20},"end":{"line":4,"column":45}},"4":{"start":{"line":5,"column":21},"end":{"line":5,"column":58}},"5":{"start":{"line":7,"column":15},"end":{"line":7,"column":31}},"6":{"start":{"line":9,"column":0},"end":{"line":9,"column":25}},"7":{"start":{"line":10,"column":0},"end":{"line":10,"column":32}},"8":{"start":{"line":11,"column":0},"end":{"line":11,"column":48}},"9":{"start":{"line":13,"column":0},"end":{"line":13,"column":24}}},"fnMap":{},"branchMap":{},"s":{"0":1,"1":1,"2":1,"3":1,"4":1,"5":1,"6":1,"7":1,"8":1,"9":1},"f":{},"b":{},"_coverageSchema":"1a1c01bbd47fc00a2c39e90264f33305004495a9","hash":"b0c5eda72a31851a680d3eea330b15fd1d5a2ee4","contentHash":"af5252e63613d5180c5e23910ee9b08983696dfe83773ad8bc33bc008f9ba0ce"},"C:\\Users\\SABRI LAPTOP\\Desktop\\10PEARLS(NOTES APP)\\cohort-9-mern-13118-aliha\\backend\\src\\routes\\health.routes.js":{"path":"C:\\Users\\SABRI LAPTOP\\Desktop\\10PEARLS(NOTES APP)\\cohort-9-mern-13118-aliha\\backend\\src\\routes\\health.routes.js","statementMap":{"0":{"start":{"line":1,"column":16},"end":{"line":1,"column":34}},"1":{"start":{"line":3,"column":15},"end":{"line":3,"column":31}},"2":{"start":{"line":5,"column":0},"end":{"line":10,"column":3}},"3":{"start":{"line":6,"column":2},"end":{"line":9,"column":5}},"4":{"start":{"line":12,"column":0},"end":{"line":12,"column":24}}},"fnMap":{"0":{"name":"(anonymous_0)","decl":{"start":{"line":5,"column":22},"end":{"line":5,"column":23}},"loc":{"start":{"line":5,"column":36},"end":{"line":10,"column":1}},"line":5}},"branchMap":{},"s":{"0":1,"1":1,"2":1,"3":1,"4":1},"f":{"0":1},"b":{},"_coverageSchema":"1a1c01bbd47fc00a2c39e90264f33305004495a9","hash":"396f98b5c4bf9f1022f4c0e533afe2ae85f0a6f2","contentHash":"9ad5fde830e873e8982b888dc6125a258ec056ecd20c5d761d9123240db04626"},"C:\\Users\\SABRI LAPTOP\\Desktop\\10PEARLS(NOTES APP)\\cohort-9-mern-13118-aliha\\backend\\src\\routes\\auth.routes.js":{"path":"C:\\Users\\SABRI LAPTOP\\Desktop\\10PEARLS(NOTES APP)\\cohort-9-mern-13118-aliha\\backend\\src\\routes\\auth.routes.js","statementMap":{"0":{"start":{"line":1,"column":16},"end":{"line":1,"column":34}},"1":{"start":{"line":2,"column":23},"end":{"line":2,"column":64}},"2":{"start":{"line":3,"column":21},"end":{"line":3,"column":58}},"3":{"start":{"line":5,"column":15},"end":{"line":5,"column":31}},"4":{"start":{"line":7,"column":0},"end":{"line":7,"column":46}},"5":{"start":{"line":8,"column":0},"end":{"line":8,"column":44}},"6":{"start":{"line":10,"column":0},"end":{"line":10,"column":60}},"7":{"start":{"line":12,"column":0},"end":{"line":12,"column":24}}},"fnMap":{},"branchMap":{},"s":{"0":1,"1":1,"2":1,"3":1,"4":1,"5":1,"6":1,"7":1},"f":{},"b":{},"_coverageSchema":"1a1c01bbd47fc00a2c39e90264f33305004495a9","hash":"27b85ef732b63efcb7aebe80adbf96793e783413","contentHash":"0728134b1bb3c1a7bc5d44f801a6f3c12a9c2ead271b11326150ea0e43344b38"},"C:\\Users\\SABRI LAPTOP\\Desktop\\10PEARLS(NOTES APP)\\cohort-9-mern-13118-aliha\\backend\\src\\controllers\\auth.controller.js":{"path":"C:\\Users\\SABRI LAPTOP\\Desktop\\10PEARLS(NOTES APP)\\cohort-9-mern-13118-aliha\\backend\\src\\controllers\\auth.controller.js","statementMap":{"0":{"start":{"line":1,"column":15},"end":{"line":1,"column":37}},"1":{"start":{"line":2,"column":12},"end":{"line":2,"column":36}},"2":{"start":{"line":3,"column":20},"end":{"line":3,"column":55}},"3":{"start":{"line":7,"column":4},"end":{"line":7,"column":44}},"4":{"start":{"line":8,"column":17},"end":{"line":8,"column":45}},"5":{"start":{"line":10,"column":20},"end":{"line":10,"column":34}},"6":{"start":{"line":11,"column":22},"end":{"line":17,"column":1}},"7":{"start":{"line":20,"column":20},"end":{"line":20,"column":58}},"8":{"start":{"line":22,"column":2},"end":{"line":22,"column":51}},"9":{"start":{"line":23,"column":2},"end":{"line":26,"column":5}},"10":{"start":{"line":28,"column":2},"end":{"line":28,"column":19}},"11":{"start":{"line":32,"column":2},"end":{"line":48,"column":3}},"12":{"start":{"line":33,"column":19},"end":{"line":33,"column":43}},"13":{"start":{"line":34,"column":4},"end":{"line":36,"column":5}},"14":{"start":{"line":35,"column":6},"end":{"line":35,"column":63}},"15":{"start":{"line":38,"column":38},"end":{"line":38,"column":46}},"16":{"start":{"line":39,"column":28},"end":{"line":39,"column":79}},"17":{"start":{"line":40,"column":22},"end":{"line":40,"column":48}},"18":{"start":{"line":42,"column":4},"end":{"line":45,"column":7}},"19":{"start":{"line":47,"column":4},"end":{"line":47,"column":14}},"20":{"start":{"line":52,"column":2},"end":{"line":68,"column":3}},"21":{"start":{"line":53,"column":19},"end":{"line":53,"column":42}},"22":{"start":{"line":54,"column":4},"end":{"line":56,"column":5}},"23":{"start":{"line":55,"column":6},"end":{"line":55,"column":63}},"24":{"start":{"line":58,"column":32},"end":{"line":58,"column":40}},"25":{"start":{"line":59,"column":28},"end":{"line":59,"column":72}},"26":{"start":{"line":60,"column":22},"end":{"line":60,"column":48}},"27":{"start":{"line":62,"column":4},"end":{"line":65,"column":7}},"28":{"start":{"line":67,"column":4},"end":{"line":67,"column":14}},"29":{"start":{"line":72,"column":2},"end":{"line":72,"column":49}},"30":{"start":{"line":73,"column":2},"end":{"line":73,"column":46}},"31":{"start":{"line":74,"column":2},"end":{"line":74,"column":79}},"32":{"start":{"line":77,"column":0},"end":{"line":77,"column":43}}},"fnMap":{"0":{"name":"setAuthCookies","decl":{"start":{"line":19,"column":9},"end":{"line":19,"column":23}},"loc":{"start":{"line":19,"column":36},"end":{"line":29,"column":1}},"line":19},"1":{"name":"signup","decl":{"start":{"line":31,"column":15},"end":{"line":31,"column":21}},"loc":{"start":{"line":31,"column":38},"end":{"line":49,"column":1}},"line":31},"2":{"name":"login","decl":{"start":{"line":51,"column":15},"end":{"line":51,"column":20}},"loc":{"start":{"line":51,"column":37},"end":{"line":69,"column":1}},"line":51},"3":{"name":"logout","decl":{"start":{"line":71,"column":9},"end":{"line":71,"column":15}},"loc":{"start":{"line":71,"column":26},"end":{"line":75,"column":1}},"line":71}},"branchMap":{"0":{"loc":{"start":{"line":34,"column":4},"end":{"line":36,"column":5}},"type":"if","locations":[{"start":{"line":34,"column":4},"end":{"line":36,"column":5}},{"start":{},"end":{}}],"line":34},"1":{"loc":{"start":{"line":54,"column":4},"end":{"line":56,"column":5}},"type":"if","locations":[{"start":{"line":54,"column":4},"end":{"line":56,"column":5}},{"start":{},"end":{}}],"line":54}},"s":{"0":1,"1":1,"2":1,"3":1,"4":1,"5":1,"6":1,"7":5,"8":5,"9":5,"10":5,"11":4,"12":4,"13":4,"14":1,"15":3,"16":3,"17":1,"18":1,"19":3,"20":6,"21":6,"22":6,"23":0,"24":6,"25":6,"26":4,"27":4,"28":2,"29":2,"30":2,"31":2,"32":1},"f":{"0":5,"1":4,"2":6,"3":2},"b":{"0":[1,3],"1":[0,6]},"_coverageSchema":"1a1c01bbd47fc00a2c39e90264f33305004495a9","hash":"3df480680c7cf9914abcd270b5d6d0e53ae412a0","contentHash":"24f935c7048fcbefa6ffac8c0562456ee92278033850ed8726650f0c15ffad9a"},"C:\\Users\\SABRI LAPTOP\\Desktop\\10PEARLS(NOTES APP)\\cohort-9-mern-13118-aliha\\backend\\src\\services\\auth.service.js":{"path":"C:\\Users\\SABRI LAPTOP\\Desktop\\10PEARLS(NOTES APP)\\cohort-9-mern-13118-aliha\\backend\\src\\services\\auth.service.js","statementMap":{"0":{"start":{"line":1,"column":15},"end":{"line":1,"column":32}},"1":{"start":{"line":2,"column":12},"end":{"line":2,"column":35}},"2":{"start":{"line":3,"column":12},"end":{"line":3,"column":36}},"3":{"start":{"line":4,"column":17},"end":{"line":4,"column":45}},"4":{"start":{"line":5,"column":24},"end":{"line":5,"column":66}},"5":{"start":{"line":9,"column":20},"end":{"line":9,"column":51}},"6":{"start":{"line":12,"column":2},"end":{"line":14,"column":5}},"7":{"start":{"line":18,"column":19},"end":{"line":18,"column":59}},"8":{"start":{"line":19,"column":2},"end":{"line":21,"column":3}},"9":{"start":{"line":20,"column":4},"end":{"line":20,"column":73}},"10":{"start":{"line":23,"column":23},"end":{"line":23,"column":63}},"11":{"start":{"line":25,"column":2},"end":{"line":40,"column":3}},"12":{"start":{"line":26,"column":17},"end":{"line":26,"column":80}},"13":{"start":{"line":27,"column":18},"end":{"line":27,"column":34}},"14":{"start":{"line":28,"column":4},"end":{"line":28,"column":27}},"15":{"start":{"line":36,"column":4},"end":{"line":38,"column":5}},"16":{"start":{"line":37,"column":6},"end":{"line":37,"column":75}},"17":{"start":{"line":39,"column":4},"end":{"line":39,"column":14}},"18":{"start":{"line":44,"column":17},"end":{"line":44,"column":57}},"19":{"start":{"line":45,"column":2},"end":{"line":49,"column":3}},"20":{"start":{"line":48,"column":4},"end":{"line":48,"column":57}},"21":{"start":{"line":51,"column":26},"end":{"line":51,"column":78}},"22":{"start":{"line":52,"column":2},"end":{"line":54,"column":3}},"23":{"start":{"line":53,"column":4},"end":{"line":53,"column":57}},"24":{"start":{"line":56,"column":52},"end":{"line":56,"column":58}},"25":{"start":{"line":57,"column":16},"end":{"line":57,"column":32}},"26":{"start":{"line":59,"column":2},"end":{"line":59,"column":25}},"27":{"start":{"line":62,"column":0},"end":{"line":62,"column":35}}},"fnMap":{"0":{"name":"issueToken","decl":{"start":{"line":11,"column":9},"end":{"line":11,"column":19}},"loc":{"start":{"line":11,"column":26},"end":{"line":15,"column":1}},"line":11},"1":{"name":"signup","decl":{"start":{"line":17,"column":15},"end":{"line":17,"column":21}},"loc":{"start":{"line":17,"column":49},"end":{"line":41,"column":1}},"line":17},"2":{"name":"login","decl":{"start":{"line":43,"column":15},"end":{"line":43,"column":20}},"loc":{"start":{"line":43,"column":42},"end":{"line":60,"column":1}},"line":43}},"branchMap":{"0":{"loc":{"start":{"line":9,"column":20},"end":{"line":9,"column":51}},"type":"cond-expr","locations":[{"start":{"line":9,"column":45},"end":{"line":9,"column":46}},{"start":{"line":9,"column":49},"end":{"line":9,"column":51}}],"line":9},"1":{"loc":{"start":{"line":19,"column":2},"end":{"line":21,"column":3}},"type":"if","locations":[{"start":{"line":19,"column":2},"end":{"line":21,"column":3}},{"start":{},"end":{}}],"line":19},"2":{"loc":{"start":{"line":36,"column":4},"end":{"line":38,"column":5}},"type":"if","locations":[{"start":{"line":36,"column":4},"end":{"line":38,"column":5}},{"start":{},"end":{}}],"line":36},"3":{"loc":{"start":{"line":45,"column":2},"end":{"line":49,"column":3}},"type":"if","locations":[{"start":{"line":45,"column":2},"end":{"line":49,"column":3}},{"start":{},"end":{}}],"line":45},"4":{"loc":{"start":{"line":52,"column":2},"end":{"line":54,"column":3}},"type":"if","locations":[{"start":{"line":52,"column":2},"end":{"line":54,"column":3}},{"start":{},"end":{}}],"line":52}},"s":{"0":1,"1":1,"2":1,"3":1,"4":1,"5":1,"6":5,"7":3,"8":3,"9":1,"10":2,"11":2,"12":2,"13":1,"14":1,"15":1,"16":1,"17":0,"18":6,"19":6,"20":1,"21":5,"22":5,"23":1,"24":4,"25":4,"26":4,"27":1},"f":{"0":5,"1":3,"2":6},"b":{"0":[1,0],"1":[1,2],"2":[1,0],"3":[1,5],"4":[1,4]},"_coverageSchema":"1a1c01bbd47fc00a2c39e90264f33305004495a9","hash":"c9499397dda62dbce8a77ed7c77d423697cba167","contentHash":"dcd0841926401779ab76da8a1a09ec8f8f407bb96e974f9382542e788e5a6714"},"C:\\Users\\SABRI LAPTOP\\Desktop\\10PEARLS(NOTES APP)\\cohort-9-mern-13118-aliha\\backend\\src\\data-access\\users.repository.js":{"path":"C:\\Users\\SABRI LAPTOP\\Desktop\\10PEARLS(NOTES APP)\\cohort-9-mern-13118-aliha\\backend\\src\\data-access\\users.repository.js","statementMap":{"0":{"start":{"line":1,"column":13},"end":{"line":1,"column":36}},"1":{"start":{"line":3,"column":21},"end":{"line":3,"column":62}},"2":{"start":{"line":6,"column":19},"end":{"line":11,"column":3}},"3":{"start":{"line":12,"column":2},"end":{"line":12,"column":25}},"4":{"start":{"line":16,"column":19},"end":{"line":19,"column":3}},"5":{"start":{"line":20,"column":2},"end":{"line":20,"column":25}},"6":{"start":{"line":24,"column":19},"end":{"line":29,"column":3}},"7":{"start":{"line":30,"column":2},"end":{"line":30,"column":17}},"8":{"start":{"line":33,"column":0},"end":{"line":33,"column":55}}},"fnMap":{"0":{"name":"findByEmail","decl":{"start":{"line":5,"column":15},"end":{"line":5,"column":26}},"loc":{"start":{"line":5,"column":34},"end":{"line":13,"column":1}},"line":5},"1":{"name":"findById","decl":{"start":{"line":15,"column":15},"end":{"line":15,"column":23}},"loc":{"start":{"line":15,"column":28},"end":{"line":21,"column":1}},"line":15},"2":{"name":"createUser","decl":{"start":{"line":23,"column":15},"end":{"line":23,"column":25}},"loc":{"start":{"line":23,"column":57},"end":{"line":31,"column":1}},"line":23}},"branchMap":{"0":{"loc":{"start":{"line":12,"column":9},"end":{"line":12,"column":24}},"type":"binary-expr","locations":[{"start":{"line":12,"column":9},"end":{"line":12,"column":16}},{"start":{"line":12,"column":20},"end":{"line":12,"column":24}}],"line":12},"1":{"loc":{"start":{"line":20,"column":9},"end":{"line":20,"column":24}},"type":"binary-expr","locations":[{"start":{"line":20,"column":9},"end":{"line":20,"column":16}},{"start":{"line":20,"column":20},"end":{"line":20,"column":24}}],"line":20}},"s":{"0":1,"1":1,"2":0,"3":0,"4":0,"5":0,"6":0,"7":0,"8":1},"f":{"0":0,"1":0,"2":0},"b":{"0":[0,0],"1":[0,0]},"_coverageSchema":"1a1c01bbd47fc00a2c39e90264f33305004495a9","hash":"20ad847ab729b17a6d501ada4c2a4aba04daaaba","contentHash":"98672fd5ade5fbc0b2d9767f568b482ed1483047347e00f7b35390bbac889780"},"C:\\Users\\SABRI LAPTOP\\Desktop\\10PEARLS(NOTES APP)\\cohort-9-mern-13118-aliha\\backend\\src\\validators\\auth.validators.js":{"path":"C:\\Users\\SABRI LAPTOP\\Desktop\\10PEARLS(NOTES APP)\\cohort-9-mern-13118-aliha\\backend\\src\\validators\\auth.validators.js","statementMap":{"0":{"start":{"line":1,"column":20},"end":{"line":1,"column":64}},"1":{"start":{"line":2,"column":28},"end":{"line":2,"column":29}},"2":{"start":{"line":5,"column":17},"end":{"line":5,"column":19}},"3":{"start":{"line":7,"column":2},"end":{"line":9,"column":3}},"4":{"start":{"line":8,"column":4},"end":{"line":8,"column":54}},"5":{"start":{"line":10,"column":2},"end":{"line":12,"column":3}},"6":{"start":{"line":11,"column":4},"end":{"line":11,"column":45}},"7":{"start":{"line":13,"column":2},"end":{"line":19,"column":3}},"8":{"start":{"line":18,"column":4},"end":{"line":18,"column":79}},"9":{"start":{"line":21,"column":2},"end":{"line":21,"column":16}},"10":{"start":{"line":25,"column":17},"end":{"line":25,"column":19}},"11":{"start":{"line":27,"column":2},"end":{"line":29,"column":3}},"12":{"start":{"line":28,"column":4},"end":{"line":28,"column":45}},"13":{"start":{"line":30,"column":2},"end":{"line":32,"column":3}},"14":{"start":{"line":31,"column":4},"end":{"line":31,"column":40}},"15":{"start":{"line":34,"column":2},"end":{"line":34,"column":16}},"16":{"start":{"line":37,"column":0},"end":{"line":42,"column":2}}},"fnMap":{"0":{"name":"validateSignup","decl":{"start":{"line":4,"column":9},"end":{"line":4,"column":23}},"loc":{"start":{"line":4,"column":56},"end":{"line":22,"column":1}},"line":4},"1":{"name":"validateLogin","decl":{"start":{"line":24,"column":9},"end":{"line":24,"column":22}},"loc":{"start":{"line":24,"column":49},"end":{"line":35,"column":1}},"line":24}},"branchMap":{"0":{"loc":{"start":{"line":4,"column":24},"end":{"line":4,"column":54}},"type":"default-arg","locations":[{"start":{"line":4,"column":52},"end":{"line":4,"column":54}}],"line":4},"1":{"loc":{"start":{"line":7,"column":2},"end":{"line":9,"column":3}},"type":"if","locations":[{"start":{"line":7,"column":2},"end":{"line":9,"column":3}},{"start":{},"end":{}}],"line":7},"2":{"loc":{"start":{"line":7,"column":6},"end":{"line":7,"column":65}},"type":"binary-expr","locations":[{"start":{"line":7,"column":6},"end":{"line":7,"column":11}},{"start":{"line":7,"column":15},"end":{"line":7,"column":39}},{"start":{"line":7,"column":43},"end":{"line":7,"column":65}}],"line":7},"3":{"loc":{"start":{"line":10,"column":2},"end":{"line":12,"column":3}},"type":"if","locations":[{"start":{"line":10,"column":2},"end":{"line":12,"column":3}},{"start":{},"end":{}}],"line":10},"4":{"loc":{"start":{"line":10,"column":6},"end":{"line":10,"column":69}},"type":"binary-expr","locations":[{"start":{"line":10,"column":6},"end":{"line":10,"column":12}},{"start":{"line":10,"column":16},"end":{"line":10,"column":41}},{"start":{"line":10,"column":45},"end":{"line":10,"column":69}}],"line":10},"5":{"loc":{"start":{"line":13,"column":2},"end":{"line":19,"column":3}},"type":"if","locations":[{"start":{"line":13,"column":2},"end":{"line":19,"column":3}},{"start":{},"end":{}}],"line":13},"6":{"loc":{"start":{"line":14,"column":4},"end":{"line":16,"column":41}},"type":"binary-expr","locations":[{"start":{"line":14,"column":4},"end":{"line":14,"column":13}},{"start":{"line":15,"column":4},"end":{"line":15,"column":32}},{"start":{"line":16,"column":4},"end":{"line":16,"column":41}}],"line":14},"7":{"loc":{"start":{"line":24,"column":23},"end":{"line":24,"column":47}},"type":"default-arg","locations":[{"start":{"line":24,"column":45},"end":{"line":24,"column":47}}],"line":24},"8":{"loc":{"start":{"line":27,"column":2},"end":{"line":29,"column":3}},"type":"if","locations":[{"start":{"line":27,"column":2},"end":{"line":29,"column":3}},{"start":{},"end":{}}],"line":27},"9":{"loc":{"start":{"line":27,"column":6},"end":{"line":27,"column":69}},"type":"binary-expr","locations":[{"start":{"line":27,"column":6},"end":{"line":27,"column":12}},{"start":{"line":27,"column":16},"end":{"line":27,"column":41}},{"start":{"line":27,"column":45},"end":{"line":27,"column":69}}],"line":27},"10":{"loc":{"start":{"line":30,"column":2},"end":{"line":32,"column":3}},"type":"if","locations":[{"start":{"line":30,"column":2},"end":{"line":32,"column":3}},{"start":{},"end":{}}],"line":30},"11":{"loc":{"start":{"line":30,"column":6},"end":{"line":30,"column":47}},"type":"binary-expr","locations":[{"start":{"line":30,"column":6},"end":{"line":30,"column":15}},{"start":{"line":30,"column":19},"end":{"line":30,"column":47}}],"line":30}},"s":{"0":1,"1":1,"2":4,"3":4,"4":1,"5":4,"6":1,"7":4,"8":1,"9":4,"10":6,"11":6,"12":0,"13":6,"14":0,"15":6,"16":1},"f":{"0":4,"1":6},"b":{"0":[0],"1":[1,3],"2":[4,4,4],"3":[1,3],"4":[4,4,4],"5":[1,3],"6":[4,4,4],"7":[0],"8":[0,6],"9":[6,6,6],"10":[0,6],"11":[6,6]},"_coverageSchema":"1a1c01bbd47fc00a2c39e90264f33305004495a9","hash":"e84de513600dc8322b0372e32b0225df919b9ed7","contentHash":"91b93e238048b2ff235e84a5f1d5ee759e2ad7bf5e714bd6ea4043ba700e1aa8"},"C:\\Users\\SABRI LAPTOP\\Desktop\\10PEARLS(NOTES APP)\\cohort-9-mern-13118-aliha\\backend\\src\\middleware\\authenticate.js":{"path":"C:\\Users\\SABRI LAPTOP\\Desktop\\10PEARLS(NOTES APP)\\cohort-9-mern-13118-aliha\\backend\\src\\middleware\\authenticate.js","statementMap":{"0":{"start":{"line":1,"column":12},"end":{"line":1,"column":35}},"1":{"start":{"line":2,"column":12},"end":{"line":2,"column":36}},"2":{"start":{"line":3,"column":17},"end":{"line":3,"column":45}},"3":{"start":{"line":6,"column":2},"end":{"line":14,"column":11}},"4":{"start":{"line":8,"column":20},"end":{"line":8,"column":32}},"5":{"start":{"line":11,"column":29},"end":{"line":11,"column":45}},"6":{"start":{"line":12,"column":6},"end":{"line":12,"column":53}},"7":{"start":{"line":13,"column":6},"end":{"line":13,"column":18}},"8":{"start":{"line":17,"column":0},"end":{"line":46,"column":2}},"9":{"start":{"line":18,"column":17},"end":{"line":18,"column":42}},"10":{"start":{"line":19,"column":18},"end":{"line":19,"column":55}},"11":{"start":{"line":21,"column":4},"end":{"line":23,"column":12}},"12":{"start":{"line":24,"column":26},"end":{"line":24,"column":46}},"13":{"start":{"line":25,"column":16},"end":{"line":25,"column":50}},"14":{"start":{"line":27,"column":2},"end":{"line":29,"column":3}},"15":{"start":{"line":28,"column":4},"end":{"line":28,"column":80}},"16":{"start":{"line":31,"column":24},"end":{"line":31,"column":48}},"17":{"start":{"line":32,"column":2},"end":{"line":37,"column":3}},"18":{"start":{"line":33,"column":22},"end":{"line":33,"column":49}},"19":{"start":{"line":34,"column":4},"end":{"line":36,"column":5}},"20":{"start":{"line":35,"column":6},"end":{"line":35,"column":70}},"21":{"start":{"line":39,"column":2},"end":{"line":45,"column":3}},"22":{"start":{"line":40,"column":20},"end":{"line":40,"column":52}},"23":{"start":{"line":41,"column":4},"end":{"line":41,"column":57}},"24":{"start":{"line":42,"column":4},"end":{"line":42,"column":18}},"25":{"start":{"line":44,"column":4},"end":{"line":44,"column":63}}},"fnMap":{"0":{"name":"parseCookieHeader","decl":{"start":{"line":5,"column":9},"end":{"line":5,"column":26}},"loc":{"start":{"line":5,"column":41},"end":{"line":15,"column":1}},"line":5},"1":{"name":"(anonymous_1)","decl":{"start":{"line":8,"column":9},"end":{"line":8,"column":10}},"loc":{"start":{"line":8,"column":20},"end":{"line":8,"column":32}},"line":8},"2":{"name":"(anonymous_2)","decl":{"start":{"line":10,"column":12},"end":{"line":10,"column":13}},"loc":{"start":{"line":10,"column":29},"end":{"line":14,"column":5}},"line":10},"3":{"name":"authenticate","decl":{"start":{"line":17,"column":26},"end":{"line":17,"column":38}},"loc":{"start":{"line":17,"column":55},"end":{"line":46,"column":1}},"line":17}},"branchMap":{"0":{"loc":{"start":{"line":6,"column":10},"end":{"line":6,"column":28}},"type":"binary-expr","locations":[{"start":{"line":6,"column":10},"end":{"line":6,"column":22}},{"start":{"line":6,"column":26},"end":{"line":6,"column":28}}],"line":6},"1":{"loc":{"start":{"line":21,"column":4},"end":{"line":23,"column":12}},"type":"cond-expr","locations":[{"start":{"line":22,"column":8},"end":{"line":22,"column":38}},{"start":{"line":23,"column":8},"end":{"line":23,"column":12}}],"line":21},"2":{"loc":{"start":{"line":21,"column":4},"end":{"line":21,"column":42}},"type":"binary-expr","locations":[{"start":{"line":21,"column":4},"end":{"line":21,"column":10}},{"start":{"line":21,"column":14},"end":{"line":21,"column":42}}],"line":21},"3":{"loc":{"start":{"line":25,"column":16},"end":{"line":25,"column":50}},"type":"binary-expr","locations":[{"start":{"line":25,"column":16},"end":{"line":25,"column":31}},{"start":{"line":25,"column":35},"end":{"line":25,"column":50}}],"line":25},"4":{"loc":{"start":{"line":27,"column":2},"end":{"line":29,"column":3}},"type":"if","locations":[{"start":{"line":27,"column":2},"end":{"line":29,"column":3}},{"start":{},"end":{}}],"line":27},"5":{"loc":{"start":{"line":32,"column":2},"end":{"line":37,"column":3}},"type":"if","locations":[{"start":{"line":32,"column":2},"end":{"line":37,"column":3}},{"start":{},"end":{}}],"line":32},"6":{"loc":{"start":{"line":32,"column":6},"end":{"line":32,"column":72}},"type":"binary-expr","locations":[{"start":{"line":32,"column":6},"end":{"line":32,"column":20}},{"start":{"line":32,"column":24},"end":{"line":32,"column":72}}],"line":32},"7":{"loc":{"start":{"line":34,"column":4},"end":{"line":36,"column":5}},"type":"if","locations":[{"start":{"line":34,"column":4},"end":{"line":36,"column":5}},{"start":{},"end":{}}],"line":34},"8":{"loc":{"start":{"line":34,"column":8},"end":{"line":34,"column":54}},"type":"binary-expr","locations":[{"start":{"line":34,"column":8},"end":{"line":34,"column":18}},{"start":{"line":34,"column":22},"end":{"line":34,"column":54}}],"line":34}},"s":{"0":1,"1":1,"2":1,"3":23,"4":53,"5":33,"6":33,"7":33,"8":1,"9":23,"10":23,"11":23,"12":23,"13":23,"14":23,"15":6,"16":17,"17":17,"18":3,"19":3,"20":2,"21":15,"22":15,"23":15,"24":15,"25":0},"f":{"0":23,"1":53,"2":33,"3":23},"b":{"0":[23,20],"1":[14,9],"2":[23,14],"3":[23,9],"4":[6,17],"5":[3,14],"6":[17,3],"7":[2,1],"8":[3,2]},"_coverageSchema":"1a1c01bbd47fc00a2c39e90264f33305004495a9","hash":"75d19fbba039fb9834456a83b530180f032b3e35","contentHash":"dc23f213dceb3f29bbca661244f946cbd48ef2c068fc27e3fb09062f1898e0a3"},"C:\\Users\\SABRI LAPTOP\\Desktop\\10PEARLS(NOTES APP)\\cohort-9-mern-13118-aliha\\backend\\src\\routes\\notes.routes.js":{"path":"C:\\Users\\SABRI LAPTOP\\Desktop\\10PEARLS(NOTES APP)\\cohort-9-mern-13118-aliha\\backend\\src\\routes\\notes.routes.js","statementMap":{"0":{"start":{"line":1,"column":16},"end":{"line":1,"column":34}},"1":{"start":{"line":2,"column":24},"end":{"line":2,"column":66}},"2":{"start":{"line":4,"column":15},"end":{"line":4,"column":31}},"3":{"start":{"line":5,"column":0},"end":{"line":5,"column":38}},"4":{"start":{"line":6,"column":0},"end":{"line":6,"column":41}},"5":{"start":{"line":7,"column":0},"end":{"line":7,"column":43}},"6":{"start":{"line":8,"column":0},"end":{"line":8,"column":43}},"7":{"start":{"line":9,"column":0},"end":{"line":9,"column":46}},"8":{"start":{"line":11,"column":0},"end":{"line":11,"column":24}}},"fnMap":{},"branchMap":{},"s":{"0":1,"1":1,"2":1,"3":1,"4":1,"5":1,"6":1,"7":1,"8":1},"f":{},"b":{},"_coverageSchema":"1a1c01bbd47fc00a2c39e90264f33305004495a9","hash":"6d70d4ed8b42524d80fcf1f40145cc05e2722356","contentHash":"bd012f3bf36ccf68a358cda0003fdc6e181fda08870da153830550538f4ba57e"},"C:\\Users\\SABRI LAPTOP\\Desktop\\10PEARLS(NOTES APP)\\cohort-9-mern-13118-aliha\\backend\\src\\controllers\\notes.controller.js":{"path":"C:\\Users\\SABRI LAPTOP\\Desktop\\10PEARLS(NOTES APP)\\cohort-9-mern-13118-aliha\\backend\\src\\controllers\\notes.controller.js","statementMap":{"0":{"start":{"line":1,"column":21},"end":{"line":1,"column":57}},"1":{"start":{"line":7,"column":4},"end":{"line":7,"column":45}},"2":{"start":{"line":8,"column":17},"end":{"line":8,"column":45}},"3":{"start":{"line":11,"column":2},"end":{"line":27,"column":3}},"4":{"start":{"line":12,"column":24},"end":{"line":12,"column":52}},"5":{"start":{"line":13,"column":4},"end":{"line":15,"column":5}},"6":{"start":{"line":14,"column":6},"end":{"line":14,"column":76}},"7":{"start":{"line":17,"column":43},"end":{"line":17,"column":52}},"8":{"start":{"line":18,"column":18},"end":{"line":23,"column":6}},"9":{"start":{"line":24,"column":4},"end":{"line":24,"column":65}},"10":{"start":{"line":26,"column":4},"end":{"line":26,"column":14}},"11":{"start":{"line":31,"column":2},"end":{"line":50,"column":3}},"12":{"start":{"line":32,"column":19},"end":{"line":32,"column":47}},"13":{"start":{"line":33,"column":4},"end":{"line":35,"column":5}},"14":{"start":{"line":34,"column":6},"end":{"line":34,"column":63}},"15":{"start":{"line":37,"column":71},"end":{"line":37,"column":79}},"16":{"start":{"line":38,"column":17},"end":{"line":45,"column":6}},"17":{"start":{"line":47,"column":4},"end":{"line":47,"column":64}},"18":{"start":{"line":49,"column":4},"end":{"line":49,"column":14}},"19":{"start":{"line":54,"column":2},"end":{"line":64,"column":3}},"20":{"start":{"line":55,"column":19},"end":{"line":55,"column":45}},"21":{"start":{"line":56,"column":4},"end":{"line":58,"column":5}},"22":{"start":{"line":57,"column":6},"end":{"line":57,"column":49}},"23":{"start":{"line":60,"column":17},"end":{"line":60,"column":64}},"24":{"start":{"line":61,"column":4},"end":{"line":61,"column":64}},"25":{"start":{"line":63,"column":4},"end":{"line":63,"column":14}},"26":{"start":{"line":68,"column":2},"end":{"line":92,"column":3}},"27":{"start":{"line":69,"column":19},"end":{"line":69,"column":45}},"28":{"start":{"line":70,"column":4},"end":{"line":72,"column":5}},"29":{"start":{"line":71,"column":6},"end":{"line":71,"column":49}},"30":{"start":{"line":74,"column":19},"end":{"line":74,"column":47}},"31":{"start":{"line":75,"column":4},"end":{"line":77,"column":5}},"32":{"start":{"line":76,"column":6},"end":{"line":76,"column":63}},"33":{"start":{"line":79,"column":71},"end":{"line":79,"column":79}},"34":{"start":{"line":80,"column":17},"end":{"line":87,"column":6}},"35":{"start":{"line":89,"column":4},"end":{"line":89,"column":64}},"36":{"start":{"line":91,"column":4},"end":{"line":91,"column":14}},"37":{"start":{"line":96,"column":2},"end":{"line":106,"column":3}},"38":{"start":{"line":97,"column":19},"end":{"line":97,"column":45}},"39":{"start":{"line":98,"column":4},"end":{"line":100,"column":5}},"40":{"start":{"line":99,"column":6},"end":{"line":99,"column":49}},"41":{"start":{"line":102,"column":4},"end":{"line":102,"column":55}},"42":{"start":{"line":103,"column":4},"end":{"line":103,"column":27}},"43":{"start":{"line":105,"column":4},"end":{"line":105,"column":14}},"44":{"start":{"line":109,"column":0},"end":{"line":109,"column":58}}},"fnMap":{"0":{"name":"list","decl":{"start":{"line":10,"column":15},"end":{"line":10,"column":19}},"loc":{"start":{"line":10,"column":36},"end":{"line":28,"column":1}},"line":10},"1":{"name":"create","decl":{"start":{"line":30,"column":15},"end":{"line":30,"column":21}},"loc":{"start":{"line":30,"column":38},"end":{"line":51,"column":1}},"line":30},"2":{"name":"getOne","decl":{"start":{"line":53,"column":15},"end":{"line":53,"column":21}},"loc":{"start":{"line":53,"column":38},"end":{"line":65,"column":1}},"line":53},"3":{"name":"update","decl":{"start":{"line":67,"column":15},"end":{"line":67,"column":21}},"loc":{"start":{"line":67,"column":38},"end":{"line":93,"column":1}},"line":67},"4":{"name":"remove","decl":{"start":{"line":95,"column":15},"end":{"line":95,"column":21}},"loc":{"start":{"line":95,"column":38},"end":{"line":107,"column":1}},"line":95}},"branchMap":{"0":{"loc":{"start":{"line":13,"column":4},"end":{"line":15,"column":5}},"type":"if","locations":[{"start":{"line":13,"column":4},"end":{"line":15,"column":5}},{"start":{},"end":{}}],"line":13},"1":{"loc":{"start":{"line":33,"column":4},"end":{"line":35,"column":5}},"type":"if","locations":[{"start":{"line":33,"column":4},"end":{"line":35,"column":5}},{"start":{},"end":{}}],"line":33},"2":{"loc":{"start":{"line":56,"column":4},"end":{"line":58,"column":5}},"type":"if","locations":[{"start":{"line":56,"column":4},"end":{"line":58,"column":5}},{"start":{},"end":{}}],"line":56},"3":{"loc":{"start":{"line":70,"column":4},"end":{"line":72,"column":5}},"type":"if","locations":[{"start":{"line":70,"column":4},"end":{"line":72,"column":5}},{"start":{},"end":{}}],"line":70},"4":{"loc":{"start":{"line":75,"column":4},"end":{"line":77,"column":5}},"type":"if","locations":[{"start":{"line":75,"column":4},"end":{"line":77,"column":5}},{"start":{},"end":{}}],"line":75},"5":{"loc":{"start":{"line":98,"column":4},"end":{"line":100,"column":5}},"type":"if","locations":[{"start":{"line":98,"column":4},"end":{"line":100,"column":5}},{"start":{},"end":{}}],"line":98}},"s":{"0":1,"1":1,"2":1,"3":1,"4":1,"5":1,"6":0,"7":1,"8":1,"9":1,"10":0,"11":3,"12":3,"13":3,"14":2,"15":1,"16":1,"17":1,"18":2,"19":3,"20":3,"21":3,"22":1,"23":2,"24":1,"25":2,"26":4,"27":4,"28":4,"29":0,"30":4,"31":4,"32":1,"33":3,"34":3,"35":2,"36":2,"37":2,"38":2,"39":2,"40":0,"41":2,"42":1,"43":1,"44":1},"f":{"0":1,"1":3,"2":3,"3":4,"4":2},"b":{"0":[0,1],"1":[2,1],"2":[1,2],"3":[0,4],"4":[1,3],"5":[0,2]},"_coverageSchema":"1a1c01bbd47fc00a2c39e90264f33305004495a9","hash":"8290a366a26dff1f611b73d577152d11de3b0211","contentHash":"db5e784819852412b1c4ab9bd49724bac01b44f2cadddaa186071f5b045a913f"},"C:\\Users\\SABRI LAPTOP\\Desktop\\10PEARLS(NOTES APP)\\cohort-9-mern-13118-aliha\\backend\\src\\services\\notes.service.js":{"path":"C:\\Users\\SABRI LAPTOP\\Desktop\\10PEARLS(NOTES APP)\\cohort-9-mern-13118-aliha\\backend\\src\\services\\notes.service.js","statementMap":{"0":{"start":{"line":1,"column":17},"end":{"line":1,"column":45}},"1":{"start":{"line":2,"column":24},"end":{"line":2,"column":66}},"2":{"start":{"line":5,"column":2},"end":{"line":5,"column":58}},"3":{"start":{"line":12,"column":2},"end":{"line":20,"column":5}},"4":{"start":{"line":24,"column":2},"end":{"line":33,"column":3}},"5":{"start":{"line":25,"column":17},"end":{"line":25,"column":70}},"6":{"start":{"line":26,"column":4},"end":{"line":28,"column":5}},"7":{"start":{"line":27,"column":6},"end":{"line":27,"column":48}},"8":{"start":{"line":29,"column":4},"end":{"line":29,"column":16}},"9":{"start":{"line":31,"column":4},"end":{"line":31,"column":43}},"10":{"start":{"line":31,"column":33},"end":{"line":31,"column":43}},"11":{"start":{"line":32,"column":4},"end":{"line":32,"column":67}},"12":{"start":{"line":41,"column":18},"end":{"line":44,"column":3}},"13":{"start":{"line":46,"column":2},"end":{"line":46,"column":61}},"14":{"start":{"line":46,"column":26},"end":{"line":46,"column":61}},"15":{"start":{"line":47,"column":2},"end":{"line":47,"column":77}},"16":{"start":{"line":47,"column":30},"end":{"line":47,"column":77}},"17":{"start":{"line":48,"column":2},"end":{"line":48,"column":62}},"18":{"start":{"line":48,"column":30},"end":{"line":48,"column":62}},"19":{"start":{"line":49,"column":2},"end":{"line":49,"column":61}},"20":{"start":{"line":49,"column":31},"end":{"line":49,"column":61}},"21":{"start":{"line":50,"column":2},"end":{"line":50,"column":67}},"22":{"start":{"line":50,"column":33},"end":{"line":50,"column":67}},"23":{"start":{"line":53,"column":2},"end":{"line":58,"column":3}},"24":{"start":{"line":54,"column":4},"end":{"line":54,"column":75}},"25":{"start":{"line":56,"column":4},"end":{"line":56,"column":43}},"26":{"start":{"line":56,"column":33},"end":{"line":56,"column":43}},"27":{"start":{"line":57,"column":4},"end":{"line":57,"column":69}},"28":{"start":{"line":60,"column":2},"end":{"line":62,"column":3}},"29":{"start":{"line":61,"column":4},"end":{"line":61,"column":46}},"30":{"start":{"line":64,"column":2},"end":{"line":64,"column":17}},"31":{"start":{"line":68,"column":18},"end":{"line":68,"column":69}},"32":{"start":{"line":69,"column":2},"end":{"line":71,"column":3}},"33":{"start":{"line":70,"column":4},"end":{"line":70,"column":46}},"34":{"start":{"line":75,"column":2},"end":{"line":75,"column":67}},"35":{"start":{"line":75,"column":39},"end":{"line":75,"column":63}},"36":{"start":{"line":79,"column":2},"end":{"line":79,"column":34}},"37":{"start":{"line":82,"column":0},"end":{"line":82,"column":76}}},"fnMap":{"0":{"name":"listNotes","decl":{"start":{"line":4,"column":15},"end":{"line":4,"column":24}},"loc":{"start":{"line":4,"column":42},"end":{"line":6,"column":1}},"line":4},"1":{"name":"createNote","decl":{"start":{"line":8,"column":15},"end":{"line":8,"column":25}},"loc":{"start":{"line":11,"column":2},"end":{"line":21,"column":1}},"line":11},"2":{"name":"getNote","decl":{"start":{"line":23,"column":15},"end":{"line":23,"column":22}},"loc":{"start":{"line":23,"column":39},"end":{"line":34,"column":1}},"line":23},"3":{"name":"updateNote","decl":{"start":{"line":36,"column":15},"end":{"line":36,"column":25}},"loc":{"start":{"line":40,"column":2},"end":{"line":65,"column":1}},"line":40},"4":{"name":"deleteNote","decl":{"start":{"line":67,"column":15},"end":{"line":67,"column":25}},"loc":{"start":{"line":67,"column":42},"end":{"line":72,"column":1}},"line":67},"5":{"name":"normalizeTags","decl":{"start":{"line":74,"column":9},"end":{"line":74,"column":22}},"loc":{"start":{"line":74,"column":29},"end":{"line":76,"column":1}},"line":74},"6":{"name":"(anonymous_6)","decl":{"start":{"line":75,"column":30},"end":{"line":75,"column":31}},"loc":{"start":{"line":75,"column":39},"end":{"line":75,"column":63}},"line":75},"7":{"name":"normalizeCategory","decl":{"start":{"line":78,"column":9},"end":{"line":78,"column":26}},"loc":{"start":{"line":78,"column":37},"end":{"line":80,"column":1}},"line":78}},"branchMap":{"0":{"loc":{"start":{"line":10,"column":20},"end":{"line":10,"column":29}},"type":"default-arg","locations":[{"start":{"line":10,"column":27},"end":{"line":10,"column":29}}],"line":10},"1":{"loc":{"start":{"line":10,"column":31},"end":{"line":10,"column":46}},"type":"default-arg","locations":[{"start":{"line":10,"column":42},"end":{"line":10,"column":46}}],"line":10},"2":{"loc":{"start":{"line":26,"column":4},"end":{"line":28,"column":5}},"type":"if","locations":[{"start":{"line":26,"column":4},"end":{"line":28,"column":5}},{"start":{},"end":{}}],"line":26},"3":{"loc":{"start":{"line":31,"column":4},"end":{"line":31,"column":43}},"type":"if","locations":[{"start":{"line":31,"column":4},"end":{"line":31,"column":43}},{"start":{},"end":{}}],"line":31},"4":{"loc":{"start":{"line":42,"column":11},"end":{"line":42,"column":57}},"type":"cond-expr","locations":[{"start":{"line":42,"column":33},"end":{"line":42,"column":45}},{"start":{"line":42,"column":48},"end":{"line":42,"column":57}}],"line":42},"5":{"loc":{"start":{"line":46,"column":2},"end":{"line":46,"column":61}},"type":"if","locations":[{"start":{"line":46,"column":2},"end":{"line":46,"column":61}},{"start":{},"end":{}}],"line":46},"6":{"loc":{"start":{"line":47,"column":2},"end":{"line":47,"column":77}},"type":"if","locations":[{"start":{"line":47,"column":2},"end":{"line":47,"column":77}},{"start":{},"end":{}}],"line":47},"7":{"loc":{"start":{"line":48,"column":2},"end":{"line":48,"column":62}},"type":"if","locations":[{"start":{"line":48,"column":2},"end":{"line":48,"column":62}},{"start":{},"end":{}}],"line":48},"8":{"loc":{"start":{"line":49,"column":2},"end":{"line":49,"column":61}},"type":"if","locations":[{"start":{"line":49,"column":2},"end":{"line":49,"column":61}},{"start":{},"end":{}}],"line":49},"9":{"loc":{"start":{"line":50,"column":2},"end":{"line":50,"column":67}},"type":"if","locations":[{"start":{"line":50,"column":2},"end":{"line":50,"column":67}},{"start":{},"end":{}}],"line":50},"10":{"loc":{"start":{"line":56,"column":4},"end":{"line":56,"column":43}},"type":"if","locations":[{"start":{"line":56,"column":4},"end":{"line":56,"column":43}},{"start":{},"end":{}}],"line":56},"11":{"loc":{"start":{"line":60,"column":2},"end":{"line":62,"column":3}},"type":"if","locations":[{"start":{"line":60,"column":2},"end":{"line":62,"column":3}},{"start":{},"end":{}}],"line":60},"12":{"loc":{"start":{"line":69,"column":2},"end":{"line":71,"column":3}},"type":"if","locations":[{"start":{"line":69,"column":2},"end":{"line":71,"column":3}},{"start":{},"end":{}}],"line":69},"13":{"loc":{"start":{"line":79,"column":9},"end":{"line":79,"column":33}},"type":"binary-expr","locations":[{"start":{"line":79,"column":9},"end":{"line":79,"column":25}},{"start":{"line":79,"column":29},"end":{"line":79,"column":33}}],"line":79}},"s":{"0":1,"1":1,"2":1,"3":1,"4":2,"5":2,"6":2,"7":1,"8":1,"9":1,"10":1,"11":0,"12":3,"13":3,"14":0,"15":3,"16":0,"17":3,"18":0,"19":3,"20":0,"21":3,"22":0,"23":3,"24":3,"25":0,"26":0,"27":0,"28":3,"29":1,"30":2,"31":2,"32":2,"33":1,"34":1,"35":0,"36":1,"37":1},"f":{"0":1,"1":1,"2":2,"3":3,"4":2,"5":1,"6":0,"7":1},"b":{"0":[1],"1":[1],"2":[1,1],"3":[1,0],"4":[3,0],"5":[0,3],"6":[0,3],"7":[0,3],"8":[0,3],"9":[0,3],"10":[0,0],"11":[1,2],"12":[1,1],"13":[1,1]},"_coverageSchema":"1a1c01bbd47fc00a2c39e90264f33305004495a9","hash":"4c8ef9695a181cd016dec46b4652e8d535277380","contentHash":"7ded4f8315f33af50d0df5ed11160cde5aca49ed6a3b1b109cf81b7982577128"},"C:\\Users\\SABRI LAPTOP\\Desktop\\10PEARLS(NOTES APP)\\cohort-9-mern-13118-aliha\\backend\\src\\data-access\\notes.repository.js":{"path":"C:\\Users\\SABRI LAPTOP\\Desktop\\10PEARLS(NOTES APP)\\cohort-9-mern-13118-aliha\\backend\\src\\data-access\\notes.repository.js","statementMap":{"0":{"start":{"line":1,"column":13},"end":{"line":1,"column":36}},"1":{"start":{"line":7,"column":2},"end":{"line":23,"column":3}},"2":{"start":{"line":8,"column":21},"end":{"line":19,"column":5}},"3":{"start":{"line":20,"column":4},"end":{"line":20,"column":16}},"4":{"start":{"line":22,"column":4},"end":{"line":22,"column":70}},"5":{"start":{"line":27,"column":2},"end":{"line":41,"column":3}},"6":{"start":{"line":28,"column":21},"end":{"line":34,"column":5}},"7":{"start":{"line":35,"column":4},"end":{"line":35,"column":27}},"8":{"start":{"line":37,"column":4},"end":{"line":40,"column":6}},"9":{"start":{"line":53,"column":2},"end":{"line":64,"column":3}},"10":{"start":{"line":54,"column":21},"end":{"line":60,"column":5}},"11":{"start":{"line":61,"column":4},"end":{"line":61,"column":19}},"12":{"start":{"line":63,"column":4},"end":{"line":63,"column":71}},"13":{"start":{"line":72,"column":2},"end":{"line":102,"column":3}},"14":{"start":{"line":73,"column":21},"end":{"line":94,"column":5}},"15":{"start":{"line":95,"column":4},"end":{"line":95,"column":27}},"16":{"start":{"line":97,"column":25},"end":{"line":99,"column":5}},"17":{"start":{"line":100,"column":4},"end":{"line":100,"column":29}},"18":{"start":{"line":101,"column":4},"end":{"line":101,"column":23}},"19":{"start":{"line":105,"column":2},"end":{"line":117,"column":3}},"20":{"start":{"line":106,"column":25},"end":{"line":109,"column":5}},"21":{"start":{"line":110,"column":4},"end":{"line":110,"column":24}},"22":{"start":{"line":112,"column":25},"end":{"line":114,"column":5}},"23":{"start":{"line":115,"column":4},"end":{"line":115,"column":29}},"24":{"start":{"line":116,"column":4},"end":{"line":116,"column":23}},"25":{"start":{"line":120,"column":0},"end":{"line":126,"column":2}},"26":{"start":{"line":129,"column":23},"end":{"line":129,"column":74}},"27":{"start":{"line":130,"column":2},"end":{"line":130,"column":27}},"28":{"start":{"line":131,"column":2},"end":{"line":131,"column":22}}},"fnMap":{"0":{"name":"findAllByUserId","decl":{"start":{"line":3,"column":15},"end":{"line":3,"column":30}},"loc":{"start":{"line":6,"column":2},"end":{"line":24,"column":1}},"line":6},"1":{"name":"findByIdForUser","decl":{"start":{"line":26,"column":15},"end":{"line":26,"column":30}},"loc":{"start":{"line":26,"column":43},"end":{"line":42,"column":1}},"line":26},"2":{"name":"create","decl":{"start":{"line":44,"column":15},"end":{"line":44,"column":21}},"loc":{"start":{"line":52,"column":3},"end":{"line":65,"column":1}},"line":52},"3":{"name":"updateForUser","decl":{"start":{"line":67,"column":15},"end":{"line":67,"column":28}},"loc":{"start":{"line":71,"column":2},"end":{"line":103,"column":1}},"line":71},"4":{"name":"deleteForUser","decl":{"start":{"line":104,"column":15},"end":{"line":104,"column":28}},"loc":{"start":{"line":104,"column":41},"end":{"line":118,"column":1}},"line":104},"5":{"name":"wrapRepositoryError","decl":{"start":{"line":128,"column":9},"end":{"line":128,"column":28}},"loc":{"start":{"line":128,"column":45},"end":{"line":132,"column":1}},"line":128}},"branchMap":{"0":{"loc":{"start":{"line":5,"column":2},"end":{"line":5,"column":50}},"type":"default-arg","locations":[{"start":{"line":5,"column":48},"end":{"line":5,"column":50}}],"line":5},"1":{"loc":{"start":{"line":5,"column":27},"end":{"line":5,"column":43}},"type":"default-arg","locations":[{"start":{"line":5,"column":38},"end":{"line":5,"column":43}}],"line":5},"2":{"loc":{"start":{"line":18,"column":25},"end":{"line":18,"column":39}},"type":"binary-expr","locations":[{"start":{"line":18,"column":25},"end":{"line":18,"column":31}},{"start":{"line":18,"column":35},"end":{"line":18,"column":39}}],"line":18},"3":{"loc":{"start":{"line":18,"column":41},"end":{"line":18,"column":52}},"type":"binary-expr","locations":[{"start":{"line":18,"column":41},"end":{"line":18,"column":44}},{"start":{"line":18,"column":48},"end":{"line":18,"column":52}}],"line":18},"4":{"loc":{"start":{"line":18,"column":54},"end":{"line":18,"column":70}},"type":"binary-expr","locations":[{"start":{"line":18,"column":54},"end":{"line":18,"column":62}},{"start":{"line":18,"column":66},"end":{"line":18,"column":70}}],"line":18},"5":{"loc":{"start":{"line":35,"column":11},"end":{"line":35,"column":26}},"type":"binary-expr","locations":[{"start":{"line":35,"column":11},"end":{"line":35,"column":18}},{"start":{"line":35,"column":22},"end":{"line":35,"column":26}}],"line":35},"6":{"loc":{"start":{"line":78,"column":27},"end":{"line":78,"column":79}},"type":"cond-expr","locations":[{"start":{"line":78,"column":46},"end":{"line":78,"column":51}},{"start":{"line":78,"column":54},"end":{"line":78,"column":79}}],"line":78},"7":{"loc":{"start":{"line":85,"column":8},"end":{"line":85,"column":21}},"type":"binary-expr","locations":[{"start":{"line":85,"column":8},"end":{"line":85,"column":13}},{"start":{"line":85,"column":17},"end":{"line":85,"column":21}}],"line":85},"8":{"loc":{"start":{"line":86,"column":8},"end":{"line":86,"column":23}},"type":"binary-expr","locations":[{"start":{"line":86,"column":8},"end":{"line":86,"column":15}},{"start":{"line":86,"column":19},"end":{"line":86,"column":23}}],"line":86},"9":{"loc":{"start":{"line":87,"column":8},"end":{"line":87,"column":20}},"type":"binary-expr","locations":[{"start":{"line":87,"column":8},"end":{"line":87,"column":12}},{"start":{"line":87,"column":16},"end":{"line":87,"column":20}}],"line":87},"10":{"loc":{"start":{"line":88,"column":8},"end":{"line":88,"column":24}},"type":"binary-expr","locations":[{"start":{"line":88,"column":8},"end":{"line":88,"column":16}},{"start":{"line":88,"column":20},"end":{"line":88,"column":24}}],"line":88},"11":{"loc":{"start":{"line":89,"column":8},"end":{"line":89,"column":25}},"type":"binary-expr","locations":[{"start":{"line":89,"column":8},"end":{"line":89,"column":17}},{"start":{"line":89,"column":21},"end":{"line":89,"column":25}}],"line":89},"12":{"loc":{"start":{"line":90,"column":8},"end":{"line":90,"column":27}},"type":"binary-expr","locations":[{"start":{"line":90,"column":8},"end":{"line":90,"column":19}},{"start":{"line":90,"column":23},"end":{"line":90,"column":27}}],"line":90},"13":{"loc":{"start":{"line":95,"column":11},"end":{"line":95,"column":26}},"type":"binary-expr","locations":[{"start":{"line":95,"column":11},"end":{"line":95,"column":18}},{"start":{"line":95,"column":22},"end":{"line":95,"column":26}}],"line":95}},"s":{"0":1,"1":0,"2":0,"3":0,"4":0,"5":0,"6":0,"7":0,"8":0,"9":0,"10":0,"11":0,"12":0,"13":1,"14":1,"15":0,"16":1,"17":1,"18":1,"19":1,"20":1,"21":0,"22":1,"23":1,"24":1,"25":1,"26":0,"27":0,"28":0},"f":{"0":0,"1":0,"2":0,"3":1,"4":1,"5":0},"b":{"0":[0],"1":[0],"2":[0,0],"3":[0,0],"4":[0,0],"5":[0,0],"6":[0,1],"7":[1,0],"8":[1,1],"9":[1,1],"10":[1,1],"11":[1,1],"12":[1,1],"13":[0,0]},"_coverageSchema":"1a1c01bbd47fc00a2c39e90264f33305004495a9","hash":"271581a513d43fa6171bfdde6c4ccaa3f42ce278","contentHash":"35918de8f638e725e30245c39ff0a313c20c492ac58884a2071d37d4bf0e8bb7"},"C:\\Users\\SABRI LAPTOP\\Desktop\\10PEARLS(NOTES APP)\\cohort-9-mern-13118-aliha\\backend\\src\\validators\\notes.validators.js":{"path":"C:\\Users\\SABRI LAPTOP\\Desktop\\10PEARLS(NOTES APP)\\cohort-9-mern-13118-aliha\\backend\\src\\validators\\notes.validators.js","statementMap":{"0":{"start":{"line":1,"column":25},"end":{"line":1,"column":28}},"1":{"start":{"line":2,"column":28},"end":{"line":2,"column":31}},"2":{"start":{"line":3,"column":23},"end":{"line":3,"column":25}},"3":{"start":{"line":4,"column":17},"end":{"line":4,"column":19}},"4":{"start":{"line":7,"column":2},"end":{"line":7,"column":78}},"5":{"start":{"line":11,"column":2},"end":{"line":26,"column":3}},"6":{"start":{"line":12,"column":4},"end":{"line":25,"column":5}},"7":{"start":{"line":13,"column":6},"end":{"line":13,"column":73}},"8":{"start":{"line":14,"column":11},"end":{"line":25,"column":5}},"9":{"start":{"line":17,"column":10},"end":{"line":19,"column":44}},"10":{"start":{"line":22,"column":6},"end":{"line":24,"column":8}},"11":{"start":{"line":28,"column":2},"end":{"line":35,"column":3}},"12":{"start":{"line":34,"column":4},"end":{"line":34,"column":79}},"13":{"start":{"line":37,"column":2},"end":{"line":41,"column":3}},"14":{"start":{"line":38,"column":4},"end":{"line":40,"column":5}},"15":{"start":{"line":39,"column":6},"end":{"line":39,"column":48}},"16":{"start":{"line":45,"column":29},"end":{"line":45,"column":36}},"17":{"start":{"line":46,"column":17},"end":{"line":46,"column":19}},"18":{"start":{"line":48,"column":2},"end":{"line":52,"column":3}},"19":{"start":{"line":49,"column":4},"end":{"line":49,"column":37}},"20":{"start":{"line":50,"column":9},"end":{"line":52,"column":3}},"21":{"start":{"line":51,"column":4},"end":{"line":51,"column":73}},"22":{"start":{"line":54,"column":2},"end":{"line":58,"column":3}},"23":{"start":{"line":55,"column":4},"end":{"line":55,"column":39}},"24":{"start":{"line":56,"column":9},"end":{"line":58,"column":3}},"25":{"start":{"line":57,"column":4},"end":{"line":57,"column":49}},"26":{"start":{"line":60,"column":2},"end":{"line":60,"column":36}},"27":{"start":{"line":62,"column":2},"end":{"line":62,"column":16}},"28":{"start":{"line":66,"column":17},"end":{"line":66,"column":19}},"29":{"start":{"line":67,"column":2},"end":{"line":71,"column":3}},"30":{"start":{"line":68,"column":4},"end":{"line":70,"column":5}},"31":{"start":{"line":69,"column":6},"end":{"line":69,"column":47}},"32":{"start":{"line":73,"column":2},"end":{"line":79,"column":3}},"33":{"start":{"line":78,"column":4},"end":{"line":78,"column":61}},"34":{"start":{"line":81,"column":2},"end":{"line":81,"column":16}},"35":{"start":{"line":85,"column":69},"end":{"line":85,"column":76}},"36":{"start":{"line":86,"column":17},"end":{"line":86,"column":19}},"37":{"start":{"line":88,"column":2},"end":{"line":98,"column":3}},"38":{"start":{"line":96,"column":4},"end":{"line":96,"column":69}},"39":{"start":{"line":97,"column":4},"end":{"line":97,"column":18}},"40":{"start":{"line":100,"column":2},"end":{"line":106,"column":3}},"41":{"start":{"line":101,"column":4},"end":{"line":105,"column":5}},"42":{"start":{"line":102,"column":6},"end":{"line":102,"column":54}},"43":{"start":{"line":103,"column":11},"end":{"line":105,"column":5}},"44":{"start":{"line":104,"column":6},"end":{"line":104,"column":75}},"45":{"start":{"line":108,"column":2},"end":{"line":110,"column":3}},"46":{"start":{"line":109,"column":4},"end":{"line":109,"column":49}},"47":{"start":{"line":112,"column":2},"end":{"line":112,"column":36}},"48":{"start":{"line":114,"column":2},"end":{"line":114,"column":16}},"49":{"start":{"line":118,"column":2},"end":{"line":120,"column":3}},"50":{"start":{"line":119,"column":4},"end":{"line":119,"column":16}},"51":{"start":{"line":121,"column":13},"end":{"line":121,"column":26}},"52":{"start":{"line":122,"column":2},"end":{"line":122,"column":56}},"53":{"start":{"line":125,"column":0},"end":{"line":134,"column":2}}},"fnMap":{"0":{"name":"isPlainObject","decl":{"start":{"line":6,"column":9},"end":{"line":6,"column":22}},"loc":{"start":{"line":6,"column":30},"end":{"line":8,"column":1}},"line":6},"1":{"name":"validateMetadata","decl":{"start":{"line":10,"column":9},"end":{"line":10,"column":25}},"loc":{"start":{"line":10,"column":67},"end":{"line":42,"column":1}},"line":10},"2":{"name":"(anonymous_2)","decl":{"start":{"line":16,"column":8},"end":{"line":16,"column":9}},"loc":{"start":{"line":17,"column":10},"end":{"line":19,"column":44}},"line":17},"3":{"name":"validateCreateNote","decl":{"start":{"line":44,"column":9},"end":{"line":44,"column":27}},"loc":{"start":{"line":44,"column":42},"end":{"line":63,"column":1}},"line":44},"4":{"name":"validateListQuery","decl":{"start":{"line":65,"column":9},"end":{"line":65,"column":26}},"loc":{"start":{"line":65,"column":39},"end":{"line":82,"column":1}},"line":65},"5":{"name":"validateUpdateNote","decl":{"start":{"line":84,"column":9},"end":{"line":84,"column":27}},"loc":{"start":{"line":84,"column":42},"end":{"line":115,"column":1}},"line":84},"6":{"name":"parseNoteId","decl":{"start":{"line":117,"column":9},"end":{"line":117,"column":20}},"loc":{"start":{"line":117,"column":28},"end":{"line":123,"column":1}},"line":117}},"branchMap":{"0":{"loc":{"start":{"line":7,"column":9},"end":{"line":7,"column":77}},"type":"binary-expr","locations":[{"start":{"line":7,"column":9},"end":{"line":7,"column":34}},{"start":{"line":7,"column":38},"end":{"line":7,"column":52}},{"start":{"line":7,"column":56},"end":{"line":7,"column":77}}],"line":7},"1":{"loc":{"start":{"line":11,"column":2},"end":{"line":26,"column":3}},"type":"if","locations":[{"start":{"line":11,"column":2},"end":{"line":26,"column":3}},{"start":{},"end":{}}],"line":11},"2":{"loc":{"start":{"line":12,"column":4},"end":{"line":25,"column":5}},"type":"if","locations":[{"start":{"line":12,"column":4},"end":{"line":25,"column":5}},{"start":{"line":14,"column":11},"end":{"line":25,"column":5}}],"line":12},"3":{"loc":{"start":{"line":12,"column":8},"end":{"line":12,"column":54}},"type":"binary-expr","locations":[{"start":{"line":12,"column":8},"end":{"line":12,"column":28}},{"start":{"line":12,"column":32},"end":{"line":12,"column":54}}],"line":12},"4":{"loc":{"start":{"line":14,"column":11},"end":{"line":25,"column":5}},"type":"if","locations":[{"start":{"line":14,"column":11},"end":{"line":25,"column":5}},{"start":{},"end":{}}],"line":14},"5":{"loc":{"start":{"line":17,"column":10},"end":{"line":19,"column":44}},"type":"binary-expr","locations":[{"start":{"line":17,"column":10},"end":{"line":17,"column":33}},{"start":{"line":18,"column":10},"end":{"line":18,"column":33}},{"start":{"line":19,"column":10},"end":{"line":19,"column":44}}],"line":17},"6":{"loc":{"start":{"line":28,"column":2},"end":{"line":35,"column":3}},"type":"if","locations":[{"start":{"line":28,"column":2},"end":{"line":35,"column":3}},{"start":{},"end":{}}],"line":28},"7":{"loc":{"start":{"line":29,"column":4},"end":{"line":32,"column":51}},"type":"binary-expr","locations":[{"start":{"line":29,"column":4},"end":{"line":29,"column":26}},{"start":{"line":30,"column":4},"end":{"line":30,"column":21}},{"start":{"line":31,"column":5},"end":{"line":31,"column":33}},{"start":{"line":32,"column":6},"end":{"line":32,"column":50}}],"line":29},"8":{"loc":{"start":{"line":38,"column":4},"end":{"line":40,"column":5}},"type":"if","locations":[{"start":{"line":38,"column":4},"end":{"line":40,"column":5}},{"start":{},"end":{}}],"line":38},"9":{"loc":{"start":{"line":38,"column":8},"end":{"line":38,"column":77}},"type":"binary-expr","locations":[{"start":{"line":38,"column":8},"end":{"line":38,"column":37}},{"start":{"line":38,"column":41},"end":{"line":38,"column":77}}],"line":38},"10":{"loc":{"start":{"line":44,"column":28},"end":{"line":44,"column":40}},"type":"default-arg","locations":[{"start":{"line":44,"column":38},"end":{"line":44,"column":40}}],"line":44},"11":{"loc":{"start":{"line":48,"column":2},"end":{"line":52,"column":3}},"type":"if","locations":[{"start":{"line":48,"column":2},"end":{"line":52,"column":3}},{"start":{"line":50,"column":9},"end":{"line":52,"column":3}}],"line":48},"12":{"loc":{"start":{"line":48,"column":6},"end":{"line":48,"column":70}},"type":"binary-expr","locations":[{"start":{"line":48,"column":6},"end":{"line":48,"column":12}},{"start":{"line":48,"column":16},"end":{"line":48,"column":41}},{"start":{"line":48,"column":45},"end":{"line":48,"column":70}}],"line":48},"13":{"loc":{"start":{"line":50,"column":9},"end":{"line":52,"column":3}},"type":"if","locations":[{"start":{"line":50,"column":9},"end":{"line":52,"column":3}},{"start":{},"end":{}}],"line":50},"14":{"loc":{"start":{"line":54,"column":2},"end":{"line":58,"column":3}},"type":"if","locations":[{"start":{"line":54,"column":2},"end":{"line":58,"column":3}},{"start":{"line":56,"column":9},"end":{"line":58,"column":3}}],"line":54},"15":{"loc":{"start":{"line":54,"column":6},"end":{"line":54,"column":47}},"type":"binary-expr","locations":[{"start":{"line":54,"column":6},"end":{"line":54,"column":27}},{"start":{"line":54,"column":31},"end":{"line":54,"column":47}}],"line":54},"16":{"loc":{"start":{"line":56,"column":9},"end":{"line":58,"column":3}},"type":"if","locations":[{"start":{"line":56,"column":9},"end":{"line":58,"column":3}},{"start":{},"end":{}}],"line":56},"17":{"loc":{"start":{"line":65,"column":27},"end":{"line":65,"column":37}},"type":"default-arg","locations":[{"start":{"line":65,"column":35},"end":{"line":65,"column":37}}],"line":65},"18":{"loc":{"start":{"line":68,"column":4},"end":{"line":70,"column":5}},"type":"if","locations":[{"start":{"line":68,"column":4},"end":{"line":70,"column":5}},{"start":{},"end":{}}],"line":68},"19":{"loc":{"start":{"line":68,"column":8},"end":{"line":68,"column":70}},"type":"binary-expr","locations":[{"start":{"line":68,"column":8},"end":{"line":68,"column":34}},{"start":{"line":68,"column":38},"end":{"line":68,"column":70}}],"line":68},"20":{"loc":{"start":{"line":73,"column":2},"end":{"line":79,"column":3}},"type":"if","locations":[{"start":{"line":73,"column":2},"end":{"line":79,"column":3}},{"start":{},"end":{}}],"line":73},"21":{"loc":{"start":{"line":74,"column":4},"end":{"line":76,"column":50}},"type":"binary-expr","locations":[{"start":{"line":74,"column":4},"end":{"line":74,"column":32}},{"start":{"line":75,"column":5},"end":{"line":75,"column":39}},{"start":{"line":76,"column":6},"end":{"line":76,"column":49}}],"line":74},"22":{"loc":{"start":{"line":84,"column":28},"end":{"line":84,"column":40}},"type":"default-arg","locations":[{"start":{"line":84,"column":38},"end":{"line":84,"column":40}}],"line":84},"23":{"loc":{"start":{"line":88,"column":2},"end":{"line":98,"column":3}},"type":"if","locations":[{"start":{"line":88,"column":2},"end":{"line":98,"column":3}},{"start":{},"end":{}}],"line":88},"24":{"loc":{"start":{"line":89,"column":4},"end":{"line":94,"column":29}},"type":"binary-expr","locations":[{"start":{"line":89,"column":4},"end":{"line":89,"column":23}},{"start":{"line":90,"column":4},"end":{"line":90,"column":25}},{"start":{"line":91,"column":4},"end":{"line":91,"column":22}},{"start":{"line":92,"column":4},"end":{"line":92,"column":26}},{"start":{"line":93,"column":4},"end":{"line":93,"column":27}},{"start":{"line":94,"column":4},"end":{"line":94,"column":29}}],"line":89},"25":{"loc":{"start":{"line":100,"column":2},"end":{"line":106,"column":3}},"type":"if","locations":[{"start":{"line":100,"column":2},"end":{"line":106,"column":3}},{"start":{},"end":{}}],"line":100},"26":{"loc":{"start":{"line":101,"column":4},"end":{"line":105,"column":5}},"type":"if","locations":[{"start":{"line":101,"column":4},"end":{"line":105,"column":5}},{"start":{"line":103,"column":11},"end":{"line":105,"column":5}}],"line":101},"27":{"loc":{"start":{"line":101,"column":8},"end":{"line":101,"column":62}},"type":"binary-expr","locations":[{"start":{"line":101,"column":8},"end":{"line":101,"column":33}},{"start":{"line":101,"column":37},"end":{"line":101,"column":62}}],"line":101},"28":{"loc":{"start":{"line":103,"column":11},"end":{"line":105,"column":5}},"type":"if","locations":[{"start":{"line":103,"column":11},"end":{"line":105,"column":5}},{"start":{},"end":{}}],"line":103},"29":{"loc":{"start":{"line":108,"column":2},"end":{"line":110,"column":3}},"type":"if","locations":[{"start":{"line":108,"column":2},"end":{"line":110,"column":3}},{"start":{},"end":{}}],"line":108},"30":{"loc":{"start":{"line":108,"column":6},"end":{"line":108,"column":54}},"type":"binary-expr","locations":[{"start":{"line":108,"column":6},"end":{"line":108,"column":27}},{"start":{"line":108,"column":31},"end":{"line":108,"column":54}}],"line":108},"31":{"loc":{"start":{"line":118,"column":2},"end":{"line":120,"column":3}},"type":"if","locations":[{"start":{"line":118,"column":2},"end":{"line":120,"column":3}},{"start":{},"end":{}}],"line":118},"32":{"loc":{"start":{"line":122,"column":9},"end":{"line":122,"column":55}},"type":"cond-expr","locations":[{"start":{"line":122,"column":46},"end":{"line":122,"column":48}},{"start":{"line":122,"column":51},"end":{"line":122,"column":55}}],"line":122},"33":{"loc":{"start":{"line":122,"column":9},"end":{"line":122,"column":43}},"type":"binary-expr","locations":[{"start":{"line":122,"column":9},"end":{"line":122,"column":33}},{"start":{"line":122,"column":37},"end":{"line":122,"column":43}}],"line":122}},"s":{"0":1,"1":1,"2":1,"3":1,"4":4,"5":6,"6":0,"7":0,"8":0,"9":0,"10":0,"11":6,"12":0,"13":6,"14":12,"15":0,"16":3,"17":3,"18":3,"19":1,"20":2,"21":0,"22":3,"23":0,"24":3,"25":1,"26":3,"27":3,"28":1,"29":1,"30":3,"31":0,"32":1,"33":0,"34":1,"35":4,"36":4,"37":4,"38":1,"39":1,"40":3,"41":3,"42":0,"43":3,"44":0,"45":3,"46":0,"47":3,"48":3,"49":9,"50":1,"51":8,"52":8,"53":1},"f":{"0":4,"1":6,"2":0,"3":3,"4":1,"5":4,"6":9},"b":{"0":[4,3,3],"1":[0,6],"2":[0,0],"3":[0,0],"4":[0,0],"5":[0,0,0],"6":[0,6],"7":[6,0,0,0],"8":[0,12],"9":[12,0],"10":[0],"11":[1,2],"12":[3,2,2],"13":[0,2],"14":[0,3],"15":[3,3],"16":[1,2],"17":[0],"18":[0,3],"19":[3,0],"20":[0,1],"21":[1,0,0],"22":[0],"23":[1,3],"24":[4,1,1,1,1,1],"25":[3,0],"26":[0,3],"27":[3,3],"28":[0,3],"29":[0,3],"30":[3,1],"31":[1,8],"32":[8,0],"33":[8,8]},"_coverageSchema":"1a1c01bbd47fc00a2c39e90264f33305004495a9","hash":"137daa1d94031ba11fd44f16a5d2ca1c0affa28b","contentHash":"4230e1fa2ef3308ab25e8ce9865d749dec395d62f1ed0708dc32ce437dcd9b32"},"C:\\Users\\SABRI LAPTOP\\Desktop\\10PEARLS(NOTES APP)\\cohort-9-mern-13118-aliha\\backend\\migrations\\run-migrations.js":{"path":"C:\\Users\\SABRI LAPTOP\\Desktop\\10PEARLS(NOTES APP)\\cohort-9-mern-13118-aliha\\backend\\migrations\\run-migrations.js","statementMap":{"0":{"start":{"line":14,"column":11},"end":{"line":14,"column":29}},"1":{"start":{"line":15,"column":13},"end":{"line":15,"column":33}},"2":{"start":{"line":16,"column":17},"end":{"line":16,"column":30}},"3":{"start":{"line":17,"column":12},"end":{"line":17,"column":40}},"4":{"start":{"line":19,"column":23},"end":{"line":19,"column":32}},"5":{"start":{"line":21,"column":13},"end":{"line":21,"column":60}},"6":{"start":{"line":29,"column":27},"end":{"line":29,"column":36}},"7":{"start":{"line":36,"column":2},"end":{"line":42,"column":5}},"8":{"start":{"line":46,"column":2},"end":{"line":49,"column":40}},"9":{"start":{"line":48,"column":19},"end":{"line":48,"column":65}},"10":{"start":{"line":49,"column":20},"end":{"line":49,"column":38}},"11":{"start":{"line":53,"column":2},"end":{"line":55,"column":71}},"12":{"start":{"line":55,"column":20},"end":{"line":55,"column":69}},"13":{"start":{"line":66,"column":2},"end":{"line":68,"column":3}},"14":{"start":{"line":67,"column":4},"end":{"line":67,"column":39}},"15":{"start":{"line":69,"column":2},"end":{"line":69,"column":63}},"16":{"start":{"line":69,"column":28},"end":{"line":69,"column":63}},"17":{"start":{"line":70,"column":2},"end":{"line":70,"column":67}},"18":{"start":{"line":70,"column":32},"end":{"line":70,"column":67}},"19":{"start":{"line":71,"column":2},"end":{"line":71,"column":43}},"20":{"start":{"line":75,"column":16},"end":{"line":75,"column":64}},"21":{"start":{"line":76,"column":2},"end":{"line":76,"column":28}},"22":{"start":{"line":80,"column":2},"end":{"line":82,"column":3}},"23":{"start":{"line":81,"column":4},"end":{"line":81,"column":50}},"24":{"start":{"line":83,"column":2},"end":{"line":85,"column":3}},"25":{"start":{"line":84,"column":4},"end":{"line":84,"column":50}},"26":{"start":{"line":86,"column":2},"end":{"line":86,"column":37}},"27":{"start":{"line":91,"column":21},"end":{"line":91,"column":23}},"28":{"start":{"line":92,"column":23},"end":{"line":92,"column":24}},"29":{"start":{"line":93,"column":14},"end":{"line":93,"column"
[...]
"end":{"line":157,"column":63}},"73":{"start":{"line":158,"column":6},"end":{"line":158,"column":48}},"74":{"start":{"line":158,"column":21},"end":{"line":158,"column":48}},"75":{"start":{"line":159,"column":6},"end":{"line":159,"column":33}},"76":{"start":{"line":161,"column":4},"end":{"line":161,"column":15}},"77":{"start":{"line":164,"column":25},"end":{"line":164,"column":57}},"78":{"start":{"line":165,"column":2},"end":{"line":165,"column":54}},"79":{"start":{"line":165,"column":22},"end":{"line":165,"column":54}},"80":{"start":{"line":166,"column":2},"end":{"line":166,"column":20}},"81":{"start":{"line":171,"column":19},"end":{"line":173,"column":3}},"82":{"start":{"line":174,"column":2},"end":{"line":174,"column":33}},"83":{"start":{"line":174,"column":25},"end":{"line":174,"column":31}},"84":{"start":{"line":180,"column":2},"end":{"line":233,"column":3}},"85":{"start":{"line":181,"column":4},"end":{"line":181,"column":34}},"86":{"start":{"line":182,"column":4},"end":{"line":182,"column":76}},"87":{"start":{"line":183,"column":4},"end":{"line":226,"column":5}},"88":{"start":{"line":184,"column":6},"end":{"line":184,"column":42}},"89":{"start":{"line":185,"column":22},"end":{"line":185,"column":56}},"90":{"start":{"line":186,"column":22},"end":{"line":188,"column":7}},"91":{"start":{"line":187,"column":18},"end":{"line":187,"column":41}},"92":{"start":{"line":190,"column":6},"end":{"line":193,"column":7}},"93":{"start":{"line":191,"column":8},"end":{"line":191,"column":70}},"94":{"start":{"line":192,"column":8},"end":{"line":192,"column":15}},"95":{"start":{"line":195,"column":6},"end":{"line":223,"column":7}},"96":{"start":{"line":196,"column":20},"end":{"line":196,"column":76}},"97":{"start":{"line":198,"column":26},"end":{"line":202,"column":9}},"98":{"start":{"line":203,"column":8},"end":{"line":203,"column":51}},"99":{"start":{"line":204,"column":8},"end":{"line":222,"column":9}},"100":{"start":{"line":205,"column":10},"end":{"line":212,"column":11}},"101":{"start":{"line":206,"column":12},"end":{"line":208,"column":13}},"102":{"start":{"line":207,"column":14},"end":{"line":207,"column":44}},"103":{"start":{"line":210,"column":12},"end":{"line":210,"column":40}},"104":{"start":{"line":211,"column":12},"end":{"line":211,"column":46}},"105":{"start":{"line":213,"column":10},"end":{"line":216,"column":12}},"106":{"start":{"line":217,"column":10},"end":{"line":217,"column":72}},"107":{"start":{"line":217,"column":43},"end":{"line":217,"column":72}},"108":{"start":{"line":218,"column":10},"end":{"line":218,"column":46}},"109":{"start":{"line":220,"column":10},"end":{"line":220,"column":74}},"110":{"start":{"line":220,"column":43},"end":{"line":220,"column":74}},"111":{"start":{"line":221,"column":10},"end":{"line":221,"column":71}},"112":{"start":{"line":225,"column":6},"end":{"line":225,"column":80}},"113":{"start":{"line":228,"column":4},"end":{"line":228,"column":72}},"114":{"start":{"line":230,"column":4},"end":{"line":232,"column":5}},"115":{"start":{"line":231,"column":6},"end":{"line":231,"column":23}},"116":{"start":{"line":238,"column":2},"end":{"line":290,"column":3}},"117":{"start":{"line":239,"column":4},"end":{"line":239,"column":34}},"118":{"start":{"line":240,"column":4},"end":{"line":240,"column":76}},"119":{"start":{"line":241,"column":4},"end":{"line":283,"column":5}},"120":{"start":{"line":242,"column":6},"end":{"line":242,"column":42}},"121":{"start":{"line":243,"column":22},"end":{"line":243,"column":56}},"122":{"start":{"line":245,"column":6},"end":{"line":248,"column":7}},"123":{"start":{"line":246,"column":8},"end":{"line":246,"column":48}},"124":{"start":{"line":247,"column":8},"end":{"line":247,"column":15}},"125":{"start":{"line":250,"column":19},"end":{"line":250,"column":46}},"126":{"start":{"line":251,"column":23},"end":{"line":251,"column":58}},"127":{"start":{"line":252,"column":23},"end":{"line":252,"column":58}},"128":{"start":{"line":254,"column":6},"end":{"line":258,"column":7}},"129":{"start":{"line":255,"column":8},"end":{"line":257,"column":10}},"130":{"start":{"line":260,"column":18},"end":{"line":260,"column":51}},"131":{"start":{"line":261,"column":6},"end":{"line":261,"column":50}},"132":{"start":{"line":262,"column":31},"end":{"line":264,"column":7}},"133":{"start":{"line":265,"column":6},"end":{"line":280,"column":7}},"134":{"start":{"line":266,"column":8},"end":{"line":271,"column":9}},"135":{"start":{"line":267,"column":10},"end":{"line":267,"column":34}},"136":{"start":{"line":269,"column":10},"end":{"line":269,"column":38}},"137":{"start":{"line":270,"column":10},"end":{"line":270,"column":34}},"138":{"start":{"line":272,"column":8},"end":{"line":274,"column":11}},"139":{"start":{"line":275,"column":8},"end":{"line":275,"column":60}},"140":{"start":{"line":275,"column":31},"end":{"line":275,"column":60}},"141":{"start":{"line":276,"column":8},"end":{"line":276,"column":45}},"142":{"start":{"line":278,"column":8},"end":{"line":278,"column":62}},"143":{"start":{"line":278,"column":31},"end":{"line":278,"column":62}},"144":{"start":{"line":279,"column":8},"end":{"line":279,"column":68}},"145":{"start":{"line":282,"column":6},"end":{"line":282,"column":80}},"146":{"start":{"line":285,"column":4},"end":{"line":285,"column":74}},"147":{"start":{"line":287,"column":4},"end":{"line":289,"column":5}},"148":{"start":{"line":288,"column":6},"end":{"line":288,"column":23}},"149":{"start":{"line":294,"column":17},"end":{"line":294,"column":48}},"150":{"start":{"line":295,"column":2},"end":{"line":315,"column":3}},"151":{"start":{"line":296,"column":4},"end":{"line":300,"column":5}},"152":{"start":{"line":297,"column":6},"end":{"line":297,"column":26}},"153":{"start":{"line":299,"column":6},"end":{"line":299,"column":24}},"154":{"start":{"line":302,"column":4},"end":{"line":302,"column":31}},"155":{"start":{"line":303,"column":4},"end":{"line":303,"column":25}},"156":{"start":{"line":305,"column":4},"end":{"line":314,"column":5}},"157":{"start":{"line":306,"column":6},"end":{"line":306,"column":23}},"158":{"start":{"line":312,"column":6},"end":{"line":312,"column":75}},"159":{"start":{"line":313,"column":6},"end":{"line":313,"column":27}},"160":{"start":{"line":318,"column":0},"end":{"line":318,"column":36}},"161":{"start":{"line":318,"column":29},"end":{"line":318,"column":36}},"162":{"start":{"line":320,"column":0},"end":{"line":320,"column":40}}},"fnMap":{"0":{"name":"ensureMigrationsTable","decl":{"start":{"line":35,"column":15},"end":{"line":35,"column":36}},"loc":{"start":{"line":35,"column":45},"end":{"line":43,"column":1}},"line":35},"1":{"name":"listUpMigrations","decl":{"start":{"line":45,"column":9},"end":{"line":45,"column":25}},"loc":{"start":{"line":45,"column":28},"end":{"line":50,"column":1}},"line":45},"2":{"name":"(anonymous_2)","decl":{"start":{"line":48,"column":12},"end":{"line":48,"column":13}},"loc":{"start":{"line":48,"column":19},"end":{"line":48,"column":65}},"line":48},"3":{"name":"(anonymous_3)","decl":{"start":{"line":49,"column":10},"end":{"line":49,"column":11}},"loc":{"start":{"line":49,"column":20},"end":{"line":49,"column":38}},"line":49},"4":{"name":"isNonTransactional","decl":{"start":{"line":52,"column":9},"end":{"line":52,"column":27}},"loc":{"start":{"line":52,"column":33},"end":{"line":56,"column":1}},"line":52},"5":{"name":"(anonymous_5)","decl":{"start":{"line":55,"column":10},"end":{"line":55,"column":11}},"loc":{"start":{"line":55,"column":20},"end":{"line":55,"column":69}},"line":55},"6":{"name":"consumeQuoted","decl":{"start":{"line":65,"column":9},"end":{"line":65,"column":22}},"loc":{"start":{"line":65,"column":42},"end":{"line":72,"column":1}},"line":65},"7":{"name":"getDollarTag","decl":{"start":{"line":74,"column":9},"end":{"line":74,"column":21}},"loc":{"start":{"line":74,"column":34},"end":{"line":77,"column":1}},"line":74},"8":{"name":"consumeBlockComment","decl":{"start":{"line":79,"column":9},"end":{"line":79,"column":28}},"loc":{"start":{"line":79,"column":48},"end":{"line":87,"column":1}},"line":79},"9":{"name":"splitSqlStatements","decl":{"start":{"line":89,"column":9},"end":{"line":89,"column":27}},"loc":{"start":{"line":89,"column":33},"end":{"line":167,"column":1}},"line":89},"10":{"name":"getAppliedMigrations","decl":{"start":{"line":170,"column":15},"end":{"line":170,"column":35}},"loc":{"start":{"line":170,"column":44},"end":{"line":175,"column":1}},"line":170},"11":{"name":"(anonymous_11)","decl":{"start":{"line":174,"column":18},"end":{"line":174,"column":19}},"loc":{"start":{"line":174,"column":25},"end":{"line":174,"column":31}},"line":174},"12":{"name":"migrateUp","decl":{"start":{"line":177,"column":15},"end":{"line":177,"column":24}},"loc":{"start":{"line":177,"column":27},"end":{"line":234,"column":1}},"line":177},"13":{"name":"(anonymous_13)","decl":{"start":{"line":187,"column":8},"end":{"line":187,"column":9}},"loc":{"start":{"line":187,"column":18},"end":{"line":187,"column":41}},"line":187},"14":{"name":"migrateDown","decl":{"start":{"line":236,"column":15},"end":{"line":236,"column":26}},"loc":{"start":{"line":236,"column":29},"end":{"line":291,"column":1}},"line":236},"15":{"name":"main","decl":{"start":{"line":293,"column":15},"end":{"line":293,"column":19}},"loc":{"start":{"line":293,"column":22},"end":{"line":316,"column":1}},"line":293}},"branchMap":{"0":{"loc":{"start":{"line":48,"column":19},"end":{"line":48,"column":65}},"type":"binary-expr","locations":[{"start":{"line":48,"column":19},"end":{"line":48,"column":37}},{"start":{"line":48,"column":41},"end":{"line":48,"column":65}}],"line":48},"1":{"loc":{"start":{"line":66,"column":2},"end":{"line":68,"column":3}},"type":"if","locations":[{"start":{"line":66,"column":2},"end":{"line":68,"column":3}},{"start":{},"end":{}}],"line":66},"2":{"loc":{"start":{"line":66,"column":6},"end":{"line":66,"column":42}},"type":"binary-expr","locations":[{"start":{"line":66,"column":6},"end":{"line":66,"column":25}},{"start":{"line":66,"column":29},"end":{"line":66,"column":42}}],"line":66},"3":{"loc":{"start":{"line":69,"column":2},"end":{"line":69,"column":63}},"type":"if","locations":[{"start":{"line":69,"column":2},"end":{"line":69,"column":63}},{"start":{},"end":{}}],"line":69},"4":{"loc":{"start":{"line":70,"column":2},"end":{"line":70,"column":67}},"type":"if","locations":[{"start":{"line":70,"column":2},"end":{"line":70,"column":67}},{"start":{},"end":{}}],"line":70},"5":{"loc":{"start":{"line":76,"column":9},"end":{"line":76,"column":27}},"type":"binary-expr","locations":[{"start":{"line":76,"column":9},"end":{"line":76,"column":19}},{"start":{"line":76,"column":23},"end":{"line":76,"column":27}}],"line":76},"6":{"loc":{"start":{"line":80,"column":2},"end":{"line":82,"column":3}},"type":"if","locations":[{"start":{"line":80,"column":2},"end":{"line":82,"column":3}},{"start":{},"end":{}}],"line":80},"7":{"loc":{"start":{"line":80,"column":6},"end":{"line":80,"column":50}},"type":"binary-expr","locations":[{"start":{"line":80,"column":6},"end":{"line":80,"column":24}},{"start":{"line":80,"column":28},"end":{"line":80,"column":50}}],"line":80},"8":{"loc":{"start":{"line":83,"column":2},"end":{"line":85,"column":3}},"type":"if","locations":[{"start":{"line":83,"column":2},"end":{"line":85,"column":3}},{"start":{},"end":{}}],"line":83},"9":{"loc":{"start":{"line":83,"column":6},"end":{"line":83,"column":50}},"type":"binary-expr","locations":[{"start":{"line":83,"column":6},"end":{"line":83,"column":24}},{"start":{"line":83,"column":28},"end":{"line":83,"column":50}}],"line":83},"10":{"loc":{"start":{"line":103,"column":4},"end":{"line":107,"column":5}},"type":"if","locations":[{"start":{"line":103,"column":4},"end":{"line":107,"column":5}},{"start":{},"end":{}}],"line":103},"11":{"loc":{"start":{"line":104,"column":20},"end":{"line":104,"column":56}},"type":"binary-expr","locations":[{"start":{"line":104,"column":20},"end":{"line":104,"column":36}},{"start":{"line":104,"column":40},"end":{"line":104,"column":56}}],"line":104},"12":{"loc":{"start":{"line":109,"column":4},"end":{"line":116,"column":5}},"type":"if","locations":[{"start":{"line":109,"column":4},"end":{"line":116,"column":5}},{"start":{},"end":{}}],"line":109},"13":{"loc":{"start":{"line":118,"column":4},"end":{"line":126,"column":5}},"type":"if","locations":[{"start":{"line":118,"column":4},"end":{"line":126,"column":5}},{"start":{},"end":{}}],"line":118},"14":{"loc":{"start":{"line":119,"column":6},"end":{"line":124,"column":7}},"type":"if","locations":[{"start":{"line":119,"column":6},"end":{"line":124,"column":7}},{"start":{"line":122,"column":13},"end":{"line":124,"column":7}}],"line":119},"15":{"loc":{"start":{"line":128,"column":4},"end":{"line":131,"column":5}},"type":"if","locations":[{"start":{"line":128,"column":4},"end":{"line":131,"column":5}},{"start":{},"end":{}}],"line":128},"16":{"loc":{"start":{"line":133,"column":4},"end":{"line":137,"column":5}},"type":"if","locations":[{"start":{"line":133,"column":4},"end":{"line":137,"column":5}},{"start":{},"end":{}}],"line":133},"17":{"loc":{"start":{"line":133,"column":8},"end":{"line":133,"column":39}},"type":"binary-expr","locations":[{"start":{"line":133,"column":8},"end":{"line":133,"column":23}},{"start":{"line":133,"column":27},"end":{"line":133,"column":39}}],"line":133},"18":{"loc":{"start":{"line":138,"column":4},"end":{"line":142,"column":5}},"type":"if","locations":[{"start":{"line":138,"column":4},"end":{"line":142,"column":5}},{"start":{},"end":{}}],"line":138},"19":{"loc":{"start":{"line":138,"column":8},"end":{"line":138,"column":39}},"type":"binary-expr","locations":[{"start":{"line":138,"column":8},"end":{"line":138,"column":23}},{"start":{"line":138,"column":27},"end":{"line":138,"column":39}}],"line":138},"20":{"loc":{"start":{"line":143,"column":4},"end":{"line":147,"column":5}},"type":"if","locations":[{"start":{"line":143,"column":4},"end":{"line":147,"column":5}},{"start":{},"end":{}}],"line":143},"21":{"loc":{"start":{"line":143,"column":8},"end":{"line":143,"column":42}},"type":"binary-expr","locations":[{"start":{"line":143,"column":8},"end":{"line":143,"column":23}},{"start":{"line":143,"column":27},"end":{"line":143,"column":42}}],"line":143},"22":{"loc":{"start":{"line":148,"column":4},"end":{"line":155,"column":5}},"type":"if","locations":[{"start":{"line":148,"column":4},"end":{"line":155,"column":5}},{"start":{},"end":{}}],"line":148},"23":{"loc":{"start":{"line":150,"column":6},"end":{"line":154,"column":7}},"type":"if","locations":[{"start":{"line":150,"column":6},"end":{"line":154,"column":7}},{"start":{},"end":{}}],"line":150},"24":{"loc":{"start":{"line":156,"column":4},"end":{"line":160,"column":5}},"type":"if","locations":[{"start":{"line":156,"column":4},"end":{"line":160,"column":5}},{"start":{},"end":{}}],"line":156},"25":{"loc":{"start":{"line":158,"column":6},"end":{"line":158,"column":48}},"type":"if","locations":[{"start":{"line":158,"column":6},"end":{"line":158,"column":48}},{"start":{},"end":{}}],"line":158},"26":{"loc":{"start":{"line":165,"column":2},"end":{"line":165,"column":54}},"type":"if","locations":[{"start":{"line":165,"column":2},"end":{"line":165,"column":54}},{"start":{},"end":{}}],"line":165},"27":{"loc":{"start":{"line":190,"column":6},"end":{"line":193,"column":7}},"type":"if","locations":[{"start":{"line":190,"column":6},"end":{"line":193,"column":7}},{"start":{},"end":{}}],"line":190},"28":{"loc":{"start":{"line":205,"column":10},"end":{"line":212,"column":11}},"type":"if","locations":[{"start":{"line":205,"column":10},"end":{"line":212,"column":11}},{"start":{"line":209,"column":17},"end":{"line":212,"column":11}}],"line":205},"29":{"loc":{"start":{"line":217,"column":10},"end":{"line":217,"column":72}},"type":"if","locations":[{"start":{"line":217,"column":10},"end":{"line":217,"column":72}},{"start":{},"end":{}}],"line":217},"30":{"loc":{"start":{"line":220,"column":10},"end":{"line":220,"column":74}},"type":"if","locations":[{"start":{"line":220,"column":10},"end":{"line":220,"column":74}},{"start":{},"end":{}}],"line":220},"31":{"loc":{"start":{"line":230,"column":4},"end":{"line":232,"column":5}},"type":"if","locations":[{"start":{"line":230,"column":4},"end":{"line":232,"column":5}},{"start":{},"end":{}}],"line":230},"32":{"loc":{"start":{"line":245,"column":6},"end":{"line":248,"column":7}},"type":"if","locations":[{"start":{"line":245,"column":6},"end":{"line":248,"column":7}},{"start":{},"end":{}}],"line":245},"33":{"loc":{"start":{"line":254,"column":6},"end":{"line":258,"column":7}},"type":"if","locations":[{"start":{"line":254,"column":6},"end":{"line":258,"column":7}},{"start":{},"end":{}}],"line":254},"34":{"loc":{"start":{"line":266,"column":8},"end":{"line":271,"column":9}},"type":"if","locations":[{"start":{"line":266,"column":8},"end":{"line":271,"column":9}},{"start":{"line":268,"column":15},"end":{"line":271,"column":9}}],"line":266},"35":{"loc":{"start":{"line":275,"column":8},"end":{"line":275,"column":60}},"type":"if","locations":[{"start":{"line":275,"column":8},"end":{"line":275,"column":60}},{"start":{},"end":{}}],"line":275},"36":{"loc":{"start":{"line":278,"column":8},"end":{"line":278,"column":62}},"type":"if","locations":[{"start":{"line":278,"column":8},"end":{"line":278,"column":62}},{"start":{},"end":{}}],"line":278},"37":{"loc":{"start":{"line":287,"column":4},"end":{"line":289,"column":5}},"type":"if","locations":[{"start":{"line":287,"column":4},"end":{"line":289,"column":5}},{"start":{},"end":{}}],"line":287},"38":{"loc":{"start":{"line":296,"column":4},"end":{"line":300,"column":5}},"type":"if","locations":[{"start":{"line":296,"column":4},"end":{"line":300,"column":5}},{"start":{"line":298,"column":11},"end":{"line":300,"column":5}}],"line":296},"39":{"loc":{"start":{"line":318,"column":0},"end":{"line":318,"column":36}},"type":"if","locations":[{"start":{"line":318,"column":0},"end":{"line":318,"column":36}},{"start":{},"end":{}}],"line":318}},"s":{"0":1,"1":1,"2":1,"3":1,"4":1,"5":1,"6":1,"7":0,"8":0,"9":0,"10":0,"11":0,"12":0,"13":17,"14":0,"15":17,"16":15,"17":2,"18":0,"19":2,"20":1,"21":1,"22":27,"23":1,"24":26,"25":2,"26":24,"27":4,"28":4,"29":4,"30":4,"31":4,"32":4,"33":4,"34":4,"35":293,"36":293,"37":293,"38":24,"39":24,"40":24,"41":269,"42":27,"43":27,"44":242,"45":24,"46":1,"47":1,"48":23,"49":24,"50":218,"51":17,"52":17,"53":201,"54":1,"55":1,"56":1,"57":200,"58":1,"59":1,"60":1,"61":199,"62":2,"63":2,"64":2,"65":197,"66":1,"67":1,"68":1,"69":1,"70":1,"71":196,"72":8,"73":8,"74":8,"75":8,"76":196,"77":4,"78":4,"79":0,"80":4,"81":0,"82":0,"83":0,"84":0,"85":0,"86":0,"87":0,"88":0,"89":0,"90":0,"91":0,"92":0,"93":0,"94":0,"95":0,"96":0,"97":0,"98":0,"99":0,"100":0,"101":0,"102":0,"103":0,"104":0,"105":0,"106":0,"107":0,"108":0,"109":0,"110":0,"111":0,"112":0,"113":0,"114":0,"115":0,"116":0,"117":0,"118":0,"119":0,"120":0,"121":0,"122":0,"123":0,"124":0,"125":0,"126":0,"127":0,"128":0,"129":0,"130":0,"131":0,"132":0,"133":0,"134":0,"135":0,"136":0,"137":0,"138":0,"139":0,"140":0,"141":0,"142":0,"143":0,"144":0,"145":0,"146":0,"147":0,"148":0,"149":0,"150":0,"151":0,"152":0,"153":0,"154":0,"155":0,"156":0,"157":0,"158":0,"159":0,"160":1,"161":0,"162":1},"f":{"0":0,"1":0,"2":0,"3":0,"4":0,"5":0,"6":17,"7":1,"8":27,"9":4,"10":0,"11":0,"12":0,"13":0,"14":0,"15":0},"b":{"0":[0,0],"1":[0,17],"2":[17,0],"3":[15,2],"4":[0,2],"5":[1,0],"6":[1,26],"7":[27,1],"8":[2,24],"9":[26,2],"10":[24,269],"11":[24,23],"12":[27,242],"13":[24,218],"14":[1,23],"15":[17,201],"16":[1,200],"17":[201,1],"18":[1,199],"19":[200,1],"20":[2,197],"21":[199,198],"22":[1,196],"23":[1,0],"24":[8,188],"25":[8,0],"26":[0,4],"27":[0,0],"28":[0,0],"29":[0,0],"30":[0,0],"31":[0,0],"32":[0,0],"33":[0,0],"34":[0,0],"35":[0,0],"36":[0,0],"37":[0,0],"38":[0,0],"39":[0,1]},"_coverageSchema":"1a1c01bbd47fc00a2c39e90264f33305004495a9","hash":"cbc7c1ca4c48faaeea0d9f1e3e95532ad34591fd","contentHash":"863e6b5f4a9fe11614a139174cc7a85b94d7746604acfa76cb1bd44441769dc3"}}